<testsuites id="" name="" tests="48" failures="48" skipped="0" errors="0" time="455.51673">
<testsuite name="lawyers-crud-complete.spec.js" timestamp="2025-09-19T05:55:57.334Z" hostname="chromium" tests="4" failures="4" skipped="0" time="198.568" errors="0">
<testcase name="Lawyers CRUD - Complete Functionality Test › Should complete full Lawyers CRUD workflow" classname="lawyers-crud-complete.spec.js" time="63.724">
<failure message="lawyers-crud-complete.spec.js:49:3 Should complete full Lawyers CRUD workflow" type="FAILURE">
<![CDATA[  [chromium] › lawyers-crud-complete.spec.js:49:3 › Lawyers CRUD - Complete Functionality Test › Should complete full Lawyers CRUD workflow 

    TimeoutError: page.click: Timeout 30000ms exceeded.
    Call log:
      - waiting for locator('text=المحامون')


      61 |     // Step 2: Navigate to Lawyers page
      62 |     console.log('3. Navigate to Lawyers page...');
    > 63 |     await page.click('text=المحامون');
         |                ^
      64 |     await page.waitForLoadState('networkidle');
      65 |
      66 |     // Verify we're on the lawyers page
        at D:\Claude\Litigation_Reports\tests\lawyers-crud-complete.spec.js:63:16

    attachment #1: screenshot (image/png) ──────────────────────────────────────────────────────────
    ..\test-results\lawyers-crud-complete-Lawy-e8df3--full-Lawyers-CRUD-workflow-chromium\test-failed-1.png
    ────────────────────────────────────────────────────────────────────────────────────────────────

    Error Context: ..\test-results\lawyers-crud-complete-Lawy-e8df3--full-Lawyers-CRUD-workflow-chromium\error-context.md

    attachment #3: trace (application/zip) ─────────────────────────────────────────────────────────
    ..\test-results\lawyers-crud-complete-Lawy-e8df3--full-Lawyers-CRUD-workflow-chromium\trace.zip
    Usage:

        npx playwright show-trace ..\test-results\lawyers-crud-complete-Lawy-e8df3--full-Lawyers-CRUD-workflow-chromium\trace.zip

    ────────────────────────────────────────────────────────────────────────────────────────────────

    Retry #1 ───────────────────────────────────────────────────────────────────────────────────────

    TimeoutError: page.click: Timeout 30000ms exceeded.
    Call log:
      - waiting for locator('text=المحامون')


      61 |     // Step 2: Navigate to Lawyers page
      62 |     console.log('3. Navigate to Lawyers page...');
    > 63 |     await page.click('text=المحامون');
         |                ^
      64 |     await page.waitForLoadState('networkidle');
      65 |
      66 |     // Verify we're on the lawyers page
        at D:\Claude\Litigation_Reports\tests\lawyers-crud-complete.spec.js:63:16

    attachment #1: screenshot (image/png) ──────────────────────────────────────────────────────────
    ..\test-results\lawyers-crud-complete-Lawy-e8df3--full-Lawyers-CRUD-workflow-chromium-retry1\test-failed-1.png
    ────────────────────────────────────────────────────────────────────────────────────────────────

    Error Context: ..\test-results\lawyers-crud-complete-Lawy-e8df3--full-Lawyers-CRUD-workflow-chromium-retry1\error-context.md

    attachment #3: trace (application/zip) ─────────────────────────────────────────────────────────
    ..\test-results\lawyers-crud-complete-Lawy-e8df3--full-Lawyers-CRUD-workflow-chromium-retry1\trace.zip
    Usage:

        npx playwright show-trace ..\test-results\lawyers-crud-complete-Lawy-e8df3--full-Lawyers-CRUD-workflow-chromium-retry1\trace.zip

    ────────────────────────────────────────────────────────────────────────────────────────────────
]]>
</failure>
<system-out>
<![CDATA[1. Navigate to application...
2. Login process...
✓ Login successful
3. Navigate to Lawyers page...

[[ATTACHMENT|lawyers-crud-complete-Lawy-e8df3--full-Lawyers-CRUD-workflow-chromium\test-failed-1.png]]

[[ATTACHMENT|lawyers-crud-complete-Lawy-e8df3--full-Lawyers-CRUD-workflow-chromium\error-context.md]]

[[ATTACHMENT|lawyers-crud-complete-Lawy-e8df3--full-Lawyers-CRUD-workflow-chromium\trace.zip]]
1. Navigate to application...
2. Login process...
✓ Login successful
3. Navigate to Lawyers page...

[[ATTACHMENT|lawyers-crud-complete-Lawy-e8df3--full-Lawyers-CRUD-workflow-chromium-retry1\test-failed-1.png]]

[[ATTACHMENT|lawyers-crud-complete-Lawy-e8df3--full-Lawyers-CRUD-workflow-chromium-retry1\error-context.md]]

[[ATTACHMENT|lawyers-crud-complete-Lawy-e8df3--full-Lawyers-CRUD-workflow-chromium-retry1\trace.zip]]
]]>
</system-out>
</testcase>
<testcase name="Lawyers CRUD - Complete Functionality Test › Should test Lawyers CRUD API endpoints" classname="lawyers-crud-complete.spec.js" time="0.353">
<failure message="lawyers-crud-complete.spec.js:288:3 Should test Lawyers CRUD API endpoints" type="FAILURE">
<![CDATA[  [chromium] › lawyers-crud-complete.spec.js:288:3 › Lawyers CRUD - Complete Functionality Test › Should test Lawyers CRUD API endpoints 

    Error: expect(received).toBeTruthy()

    Received: false

      291 |     // Test GET /api/lawyers endpoint
      292 |     const response = await page.request.get('http://lit.local/api/lawyers');
    > 293 |     expect(response.ok()).toBeTruthy();
          |                           ^
      294 |
      295 |     const lawyersData = await response.json();
      296 |     expect(lawyersData.success).toBeTruthy();
        at D:\Claude\Litigation_Reports\tests\lawyers-crud-complete.spec.js:293:27

    attachment #1: screenshot (image/png) ──────────────────────────────────────────────────────────
    ..\test-results\lawyers-crud-complete-Lawy-1f2cf--Lawyers-CRUD-API-endpoints-chromium\test-failed-1.png
    ────────────────────────────────────────────────────────────────────────────────────────────────

    Error Context: ..\test-results\lawyers-crud-complete-Lawy-1f2cf--Lawyers-CRUD-API-endpoints-chromium\error-context.md

    attachment #3: trace (application/zip) ─────────────────────────────────────────────────────────
    ..\test-results\lawyers-crud-complete-Lawy-1f2cf--Lawyers-CRUD-API-endpoints-chromium\trace.zip
    Usage:

        npx playwright show-trace ..\test-results\lawyers-crud-complete-Lawy-1f2cf--Lawyers-CRUD-API-endpoints-chromium\trace.zip

    ────────────────────────────────────────────────────────────────────────────────────────────────

    Retry #1 ───────────────────────────────────────────────────────────────────────────────────────

    Error: expect(received).toBeTruthy()

    Received: false

      291 |     // Test GET /api/lawyers endpoint
      292 |     const response = await page.request.get('http://lit.local/api/lawyers');
    > 293 |     expect(response.ok()).toBeTruthy();
          |                           ^
      294 |
      295 |     const lawyersData = await response.json();
      296 |     expect(lawyersData.success).toBeTruthy();
        at D:\Claude\Litigation_Reports\tests\lawyers-crud-complete.spec.js:293:27

    attachment #1: screenshot (image/png) ──────────────────────────────────────────────────────────
    ..\test-results\lawyers-crud-complete-Lawy-1f2cf--Lawyers-CRUD-API-endpoints-chromium-retry1\test-failed-1.png
    ────────────────────────────────────────────────────────────────────────────────────────────────

    Error Context: ..\test-results\lawyers-crud-complete-Lawy-1f2cf--Lawyers-CRUD-API-endpoints-chromium-retry1\error-context.md

    attachment #3: trace (application/zip) ─────────────────────────────────────────────────────────
    ..\test-results\lawyers-crud-complete-Lawy-1f2cf--Lawyers-CRUD-API-endpoints-chromium-retry1\trace.zip
    Usage:

        npx playwright show-trace ..\test-results\lawyers-crud-complete-Lawy-1f2cf--Lawyers-CRUD-API-endpoints-chromium-retry1\trace.zip

    ────────────────────────────────────────────────────────────────────────────────────────────────
]]>
</failure>
<system-out>
<![CDATA[1. Navigate to application...
15. Testing API endpoints...

[[ATTACHMENT|lawyers-crud-complete-Lawy-1f2cf--Lawyers-CRUD-API-endpoints-chromium\test-failed-1.png]]

[[ATTACHMENT|lawyers-crud-complete-Lawy-1f2cf--Lawyers-CRUD-API-endpoints-chromium\error-context.md]]

[[ATTACHMENT|lawyers-crud-complete-Lawy-1f2cf--Lawyers-CRUD-API-endpoints-chromium\trace.zip]]
1. Navigate to application...
15. Testing API endpoints...

[[ATTACHMENT|lawyers-crud-complete-Lawy-1f2cf--Lawyers-CRUD-API-endpoints-chromium-retry1\test-failed-1.png]]

[[ATTACHMENT|lawyers-crud-complete-Lawy-1f2cf--Lawyers-CRUD-API-endpoints-chromium-retry1\error-context.md]]

[[ATTACHMENT|lawyers-crud-complete-Lawy-1f2cf--Lawyers-CRUD-API-endpoints-chromium-retry1\trace.zip]]
]]>
</system-out>
</testcase>
<testcase name="Lawyers CRUD - Complete Functionality Test › Should test responsive design on mobile" classname="lawyers-crud-complete.spec.js" time="62.073">
<failure message="lawyers-crud-complete.spec.js:307:3 Should test responsive design on mobile" type="FAILURE">
<![CDATA[  [chromium] › lawyers-crud-complete.spec.js:307:3 › Lawyers CRUD - Complete Functionality Test › Should test responsive design on mobile 

    TimeoutError: page.click: Timeout 30000ms exceeded.
    Call log:
      - waiting for locator('text=المحامون')


      314 |
      315 |     // Navigate to lawyers page
    > 316 |     await page.click('text=المحامون');
          |                ^
      317 |     await page.waitForLoadState('networkidle');
      318 |
      319 |     // Verify page is responsive
        at D:\Claude\Litigation_Reports\tests\lawyers-crud-complete.spec.js:316:16

    attachment #1: screenshot (image/png) ──────────────────────────────────────────────────────────
    ..\test-results\lawyers-crud-complete-Lawy-c87dd-responsive-design-on-mobile-chromium\test-failed-1.png
    ────────────────────────────────────────────────────────────────────────────────────────────────

    Error Context: ..\test-results\lawyers-crud-complete-Lawy-c87dd-responsive-design-on-mobile-chromium\error-context.md

    attachment #3: trace (application/zip) ─────────────────────────────────────────────────────────
    ..\test-results\lawyers-crud-complete-Lawy-c87dd-responsive-design-on-mobile-chromium\trace.zip
    Usage:

        npx playwright show-trace ..\test-results\lawyers-crud-complete-Lawy-c87dd-responsive-design-on-mobile-chromium\trace.zip

    ────────────────────────────────────────────────────────────────────────────────────────────────

    Retry #1 ───────────────────────────────────────────────────────────────────────────────────────

    TimeoutError: page.click: Timeout 30000ms exceeded.
    Call log:
      - waiting for locator('text=المحامون')


      314 |
      315 |     // Navigate to lawyers page
    > 316 |     await page.click('text=المحامون');
          |                ^
      317 |     await page.waitForLoadState('networkidle');
      318 |
      319 |     // Verify page is responsive
        at D:\Claude\Litigation_Reports\tests\lawyers-crud-complete.spec.js:316:16

    attachment #1: screenshot (image/png) ──────────────────────────────────────────────────────────
    ..\test-results\lawyers-crud-complete-Lawy-c87dd-responsive-design-on-mobile-chromium-retry1\test-failed-1.png
    ────────────────────────────────────────────────────────────────────────────────────────────────

    Error Context: ..\test-results\lawyers-crud-complete-Lawy-c87dd-responsive-design-on-mobile-chromium-retry1\error-context.md

    attachment #3: trace (application/zip) ─────────────────────────────────────────────────────────
    ..\test-results\lawyers-crud-complete-Lawy-c87dd-responsive-design-on-mobile-chromium-retry1\trace.zip
    Usage:

        npx playwright show-trace ..\test-results\lawyers-crud-complete-Lawy-c87dd-responsive-design-on-mobile-chromium-retry1\trace.zip

    ────────────────────────────────────────────────────────────────────────────────────────────────
]]>
</failure>
<system-out>
<![CDATA[1. Navigate to application...
16. Testing responsive design...

[[ATTACHMENT|lawyers-crud-complete-Lawy-c87dd-responsive-design-on-mobile-chromium\test-failed-1.png]]

[[ATTACHMENT|lawyers-crud-complete-Lawy-c87dd-responsive-design-on-mobile-chromium\error-context.md]]

[[ATTACHMENT|lawyers-crud-complete-Lawy-c87dd-responsive-design-on-mobile-chromium\trace.zip]]
1. Navigate to application...
16. Testing responsive design...

[[ATTACHMENT|lawyers-crud-complete-Lawy-c87dd-responsive-design-on-mobile-chromium-retry1\test-failed-1.png]]

[[ATTACHMENT|lawyers-crud-complete-Lawy-c87dd-responsive-design-on-mobile-chromium-retry1\error-context.md]]

[[ATTACHMENT|lawyers-crud-complete-Lawy-c87dd-responsive-design-on-mobile-chromium-retry1\trace.zip]]
]]>
</system-out>
</testcase>
<testcase name="Lawyers CRUD - Edge Cases › Should handle special characters and Arabic text properly" classname="lawyers-crud-complete.spec.js" time="72.418">
<failure message="lawyers-crud-complete.spec.js:334:3 Should handle special characters and Arabic text properly" type="FAILURE">
<![CDATA[  [chromium] › lawyers-crud-complete.spec.js:334:3 › Lawyers CRUD - Edge Cases › Should handle special characters and Arabic text properly 

    TimeoutError: page.click: Timeout 30000ms exceeded.
    Call log:
      - waiting for locator('text=المحامون')


      343 |
      344 |     // Go to lawyers page
    > 345 |     await page.click('text=المحامون');
          |                ^
      346 |     await page.waitForLoadState('networkidle');
      347 |
      348 |     // Test Arabic text and special characters
        at D:\Claude\Litigation_Reports\tests\lawyers-crud-complete.spec.js:345:16

    attachment #1: screenshot (image/png) ──────────────────────────────────────────────────────────
    ..\test-results\lawyers-crud-complete-Lawy-eb2de-rs-and-Arabic-text-properly-chromium\test-failed-1.png
    ────────────────────────────────────────────────────────────────────────────────────────────────

    attachment #2: video (video/webm) ──────────────────────────────────────────────────────────────
    ..\test-results\lawyers-crud-complete-Lawy-eb2de-rs-and-Arabic-text-properly-chromium\video.webm
    ────────────────────────────────────────────────────────────────────────────────────────────────

    Error Context: ..\test-results\lawyers-crud-complete-Lawy-eb2de-rs-and-Arabic-text-properly-chromium\error-context.md

    attachment #4: trace (application/zip) ─────────────────────────────────────────────────────────
    ..\test-results\lawyers-crud-complete-Lawy-eb2de-rs-and-Arabic-text-properly-chromium\trace.zip
    Usage:

        npx playwright show-trace ..\test-results\lawyers-crud-complete-Lawy-eb2de-rs-and-Arabic-text-properly-chromium\trace.zip

    ────────────────────────────────────────────────────────────────────────────────────────────────

    Retry #1 ───────────────────────────────────────────────────────────────────────────────────────

    TimeoutError: page.click: Timeout 30000ms exceeded.
    Call log:
      - waiting for locator('text=المحامون')


      343 |
      344 |     // Go to lawyers page
    > 345 |     await page.click('text=المحامون');
          |                ^
      346 |     await page.waitForLoadState('networkidle');
      347 |
      348 |     // Test Arabic text and special characters
        at D:\Claude\Litigation_Reports\tests\lawyers-crud-complete.spec.js:345:16

    attachment #1: screenshot (image/png) ──────────────────────────────────────────────────────────
    ..\test-results\lawyers-crud-complete-Lawy-eb2de-rs-and-Arabic-text-properly-chromium-retry1\test-failed-1.png
    ────────────────────────────────────────────────────────────────────────────────────────────────

    attachment #2: video (video/webm) ──────────────────────────────────────────────────────────────
    ..\test-results\lawyers-crud-complete-Lawy-eb2de-rs-and-Arabic-text-properly-chromium-retry1\video.webm
    ────────────────────────────────────────────────────────────────────────────────────────────────

    Error Context: ..\test-results\lawyers-crud-complete-Lawy-eb2de-rs-and-Arabic-text-properly-chromium-retry1\error-context.md

    attachment #4: trace (application/zip) ─────────────────────────────────────────────────────────
    ..\test-results\lawyers-crud-complete-Lawy-eb2de-rs-and-Arabic-text-properly-chromium-retry1\trace.zip
    Usage:

        npx playwright show-trace ..\test-results\lawyers-crud-complete-Lawy-eb2de-rs-and-Arabic-text-properly-chromium-retry1\trace.zip

    ────────────────────────────────────────────────────────────────────────────────────────────────
]]>
</failure>
<system-out>
<![CDATA[17. Testing special characters and Arabic text...

[[ATTACHMENT|lawyers-crud-complete-Lawy-eb2de-rs-and-Arabic-text-properly-chromium\test-failed-1.png]]

[[ATTACHMENT|lawyers-crud-complete-Lawy-eb2de-rs-and-Arabic-text-properly-chromium\video.webm]]

[[ATTACHMENT|lawyers-crud-complete-Lawy-eb2de-rs-and-Arabic-text-properly-chromium\error-context.md]]

[[ATTACHMENT|lawyers-crud-complete-Lawy-eb2de-rs-and-Arabic-text-properly-chromium\trace.zip]]
17. Testing special characters and Arabic text...

[[ATTACHMENT|lawyers-crud-complete-Lawy-eb2de-rs-and-Arabic-text-properly-chromium-retry1\test-failed-1.png]]

[[ATTACHMENT|lawyers-crud-complete-Lawy-eb2de-rs-and-Arabic-text-properly-chromium-retry1\video.webm]]

[[ATTACHMENT|lawyers-crud-complete-Lawy-eb2de-rs-and-Arabic-text-properly-chromium-retry1\error-context.md]]

[[ATTACHMENT|lawyers-crud-complete-Lawy-eb2de-rs-and-Arabic-text-properly-chromium-retry1\trace.zip]]
]]>
</system-out>
</testcase>
</testsuite>
<testsuite name="lawyers-crud-complete.spec.js" timestamp="2025-09-19T05:55:57.334Z" hostname="firefox" tests="4" failures="4" skipped="0" time="120.151" errors="0">
<testcase name="Lawyers CRUD - Complete Functionality Test › Should complete full Lawyers CRUD workflow" classname="lawyers-crud-complete.spec.js" time="0">
<failure message="lawyers-crud-complete.spec.js:49:3 Should complete full Lawyers CRUD workflow" type="FAILURE">
<![CDATA[  [firefox] › lawyers-crud-complete.spec.js:49:3 › Lawyers CRUD - Complete Functionality Test › Should complete full Lawyers CRUD workflow 

    "beforeAll" hook timeout of 60000ms exceeded.

      32 |   };
      33 |
    > 34 |   test.beforeAll(async ({ browser }) => {
         |        ^
      35 |     context = await browser.newContext();
      36 |     page = await context.newPage();
      37 |
        at D:\Claude\Litigation_Reports\tests\lawyers-crud-complete.spec.js:34:8

    Error: browserContext.newPage: Target page, context or browser has been closed

      34 |   test.beforeAll(async ({ browser }) => {
      35 |     context = await browser.newContext();
    > 36 |     page = await context.newPage();
         |                          ^
      37 |
      38 |     // Navigate to application
      39 |     await page.goto('http://lit.local:3002/');
        at D:\Claude\Litigation_Reports\tests\lawyers-crud-complete.spec.js:36:26

    attachment #1: trace (application/zip) ─────────────────────────────────────────────────────────
    ..\test-results\lawyers-crud-complete-Lawy-e8df3--full-Lawyers-CRUD-workflow-firefox\trace.zip
    Usage:

        npx playwright show-trace ..\test-results\lawyers-crud-complete-Lawy-e8df3--full-Lawyers-CRUD-workflow-firefox\trace.zip

    ────────────────────────────────────────────────────────────────────────────────────────────────

    Retry #1 ───────────────────────────────────────────────────────────────────────────────────────

    "beforeAll" hook timeout of 60000ms exceeded.

      32 |   };
      33 |
    > 34 |   test.beforeAll(async ({ browser }) => {
         |        ^
      35 |     context = await browser.newContext();
      36 |     page = await context.newPage();
      37 |
        at D:\Claude\Litigation_Reports\tests\lawyers-crud-complete.spec.js:34:8

    Error: browserContext.newPage: Target page, context or browser has been closed

      34 |   test.beforeAll(async ({ browser }) => {
      35 |     context = await browser.newContext();
    > 36 |     page = await context.newPage();
         |                          ^
      37 |
      38 |     // Navigate to application
      39 |     await page.goto('http://lit.local:3002/');
        at D:\Claude\Litigation_Reports\tests\lawyers-crud-complete.spec.js:36:26

    attachment #1: trace (application/zip) ─────────────────────────────────────────────────────────
    ..\test-results\lawyers-crud-complete-Lawy-e8df3--full-Lawyers-CRUD-workflow-firefox-retry1\trace.zip
    Usage:

        npx playwright show-trace ..\test-results\lawyers-crud-complete-Lawy-e8df3--full-Lawyers-CRUD-workflow-firefox-retry1\trace.zip

    ────────────────────────────────────────────────────────────────────────────────────────────────
]]>
</failure>
<system-out>
<![CDATA[
[[ATTACHMENT|lawyers-crud-complete-Lawy-e8df3--full-Lawyers-CRUD-workflow-firefox\trace.zip]]

[[ATTACHMENT|lawyers-crud-complete-Lawy-e8df3--full-Lawyers-CRUD-workflow-firefox-retry1\trace.zip]]
]]>
</system-out>
</testcase>
<testcase name="Lawyers CRUD - Complete Functionality Test › Should test Lawyers CRUD API endpoints" classname="lawyers-crud-complete.spec.js" time="0">
<failure message="lawyers-crud-complete.spec.js:288:3 Should test Lawyers CRUD API endpoints" type="FAILURE">
<![CDATA[  [firefox] › lawyers-crud-complete.spec.js:288:3 › Lawyers CRUD - Complete Functionality Test › Should test Lawyers CRUD API endpoints 

    "beforeAll" hook timeout of 60000ms exceeded.

      32 |   };
      33 |
    > 34 |   test.beforeAll(async ({ browser }) => {
         |        ^
      35 |     context = await browser.newContext();
      36 |     page = await context.newPage();
      37 |
        at D:\Claude\Litigation_Reports\tests\lawyers-crud-complete.spec.js:34:8

    Error: browserContext.newPage: Target page, context or browser has been closed

      34 |   test.beforeAll(async ({ browser }) => {
      35 |     context = await browser.newContext();
    > 36 |     page = await context.newPage();
         |                          ^
      37 |
      38 |     // Navigate to application
      39 |     await page.goto('http://lit.local:3002/');
        at D:\Claude\Litigation_Reports\tests\lawyers-crud-complete.spec.js:36:26

    attachment #1: trace (application/zip) ─────────────────────────────────────────────────────────
    ..\test-results\lawyers-crud-complete-Lawy-1f2cf--Lawyers-CRUD-API-endpoints-firefox\trace.zip
    Usage:

        npx playwright show-trace ..\test-results\lawyers-crud-complete-Lawy-1f2cf--Lawyers-CRUD-API-endpoints-firefox\trace.zip

    ────────────────────────────────────────────────────────────────────────────────────────────────

    Retry #1 ───────────────────────────────────────────────────────────────────────────────────────

    "beforeAll" hook timeout of 60000ms exceeded.

      32 |   };
      33 |
    > 34 |   test.beforeAll(async ({ browser }) => {
         |        ^
      35 |     context = await browser.newContext();
      36 |     page = await context.newPage();
      37 |
        at D:\Claude\Litigation_Reports\tests\lawyers-crud-complete.spec.js:34:8

    Error: browserContext.newPage: Target page, context or browser has been closed

      34 |   test.beforeAll(async ({ browser }) => {
      35 |     context = await browser.newContext();
    > 36 |     page = await context.newPage();
         |                          ^
      37 |
      38 |     // Navigate to application
      39 |     await page.goto('http://lit.local:3002/');
        at D:\Claude\Litigation_Reports\tests\lawyers-crud-complete.spec.js:36:26

    attachment #1: trace (application/zip) ─────────────────────────────────────────────────────────
    ..\test-results\lawyers-crud-complete-Lawy-1f2cf--Lawyers-CRUD-API-endpoints-firefox-retry1\trace.zip
    Usage:

        npx playwright show-trace ..\test-results\lawyers-crud-complete-Lawy-1f2cf--Lawyers-CRUD-API-endpoints-firefox-retry1\trace.zip

    ────────────────────────────────────────────────────────────────────────────────────────────────
]]>
</failure>
<system-out>
<![CDATA[
[[ATTACHMENT|lawyers-crud-complete-Lawy-1f2cf--Lawyers-CRUD-API-endpoints-firefox\trace.zip]]

[[ATTACHMENT|lawyers-crud-complete-Lawy-1f2cf--Lawyers-CRUD-API-endpoints-firefox-retry1\trace.zip]]
]]>
</system-out>
</testcase>
<testcase name="Lawyers CRUD - Complete Functionality Test › Should test responsive design on mobile" classname="lawyers-crud-complete.spec.js" time="0">
<failure message="lawyers-crud-complete.spec.js:307:3 Should test responsive design on mobile" type="FAILURE">
<![CDATA[  [firefox] › lawyers-crud-complete.spec.js:307:3 › Lawyers CRUD - Complete Functionality Test › Should test responsive design on mobile 

    "beforeAll" hook timeout of 60000ms exceeded.

      32 |   };
      33 |
    > 34 |   test.beforeAll(async ({ browser }) => {
         |        ^
      35 |     context = await browser.newContext();
      36 |     page = await context.newPage();
      37 |
        at D:\Claude\Litigation_Reports\tests\lawyers-crud-complete.spec.js:34:8

    Error: browserContext.newPage: Target page, context or browser has been closed

      34 |   test.beforeAll(async ({ browser }) => {
      35 |     context = await browser.newContext();
    > 36 |     page = await context.newPage();
         |                          ^
      37 |
      38 |     // Navigate to application
      39 |     await page.goto('http://lit.local:3002/');
        at D:\Claude\Litigation_Reports\tests\lawyers-crud-complete.spec.js:36:26

    attachment #1: trace (application/zip) ─────────────────────────────────────────────────────────
    ..\test-results\lawyers-crud-complete-Lawy-c87dd-responsive-design-on-mobile-firefox\trace.zip
    Usage:

        npx playwright show-trace ..\test-results\lawyers-crud-complete-Lawy-c87dd-responsive-design-on-mobile-firefox\trace.zip

    ────────────────────────────────────────────────────────────────────────────────────────────────

    Retry #1 ───────────────────────────────────────────────────────────────────────────────────────

    "beforeAll" hook timeout of 60000ms exceeded.

      32 |   };
      33 |
    > 34 |   test.beforeAll(async ({ browser }) => {
         |        ^
      35 |     context = await browser.newContext();
      36 |     page = await context.newPage();
      37 |
        at D:\Claude\Litigation_Reports\tests\lawyers-crud-complete.spec.js:34:8

    Error: browserContext.newPage: Target page, context or browser has been closed

      34 |   test.beforeAll(async ({ browser }) => {
      35 |     context = await browser.newContext();
    > 36 |     page = await context.newPage();
         |                          ^
      37 |
      38 |     // Navigate to application
      39 |     await page.goto('http://lit.local:3002/');
        at D:\Claude\Litigation_Reports\tests\lawyers-crud-complete.spec.js:36:26

    attachment #1: trace (application/zip) ─────────────────────────────────────────────────────────
    ..\test-results\lawyers-crud-complete-Lawy-c87dd-responsive-design-on-mobile-firefox-retry1\trace.zip
    Usage:

        npx playwright show-trace ..\test-results\lawyers-crud-complete-Lawy-c87dd-responsive-design-on-mobile-firefox-retry1\trace.zip

    ────────────────────────────────────────────────────────────────────────────────────────────────
]]>
</failure>
<system-out>
<![CDATA[
[[ATTACHMENT|lawyers-crud-complete-Lawy-c87dd-responsive-design-on-mobile-firefox\trace.zip]]

[[ATTACHMENT|lawyers-crud-complete-Lawy-c87dd-responsive-design-on-mobile-firefox-retry1\trace.zip]]
]]>
</system-out>
</testcase>
<testcase name="Lawyers CRUD - Edge Cases › Should handle special characters and Arabic text properly" classname="lawyers-crud-complete.spec.js" time="120.151">
<failure message="lawyers-crud-complete.spec.js:334:3 Should handle special characters and Arabic text properly" type="FAILURE">
<![CDATA[  [firefox] › lawyers-crud-complete.spec.js:334:3 › Lawyers CRUD - Edge Cases › Should handle special characters and Arabic text properly 

    Test timeout of 60000ms exceeded while setting up "page".

    Error: browserContext.newPage: Test timeout of 60000ms exceeded.

    attachment #1: trace (application/zip) ─────────────────────────────────────────────────────────
    ..\test-results\lawyers-crud-complete-Lawy-eb2de-rs-and-Arabic-text-properly-firefox\trace.zip
    Usage:

        npx playwright show-trace ..\test-results\lawyers-crud-complete-Lawy-eb2de-rs-and-Arabic-text-properly-firefox\trace.zip

    ────────────────────────────────────────────────────────────────────────────────────────────────

    Retry #1 ───────────────────────────────────────────────────────────────────────────────────────

    Test timeout of 60000ms exceeded while setting up "page".

    Error: browserContext.newPage: Test timeout of 60000ms exceeded.

    attachment #1: trace (application/zip) ─────────────────────────────────────────────────────────
    ..\test-results\lawyers-crud-complete-Lawy-eb2de-rs-and-Arabic-text-properly-firefox-retry1\trace.zip
    Usage:

        npx playwright show-trace ..\test-results\lawyers-crud-complete-Lawy-eb2de-rs-and-Arabic-text-properly-firefox-retry1\trace.zip

    ────────────────────────────────────────────────────────────────────────────────────────────────
]]>
</failure>
<system-out>
<![CDATA[
[[ATTACHMENT|lawyers-crud-complete-Lawy-eb2de-rs-and-Arabic-text-properly-firefox\trace.zip]]

[[ATTACHMENT|lawyers-crud-complete-Lawy-eb2de-rs-and-Arabic-text-properly-firefox-retry1\trace.zip]]
]]>
</system-out>
</testcase>
</testsuite>
<testsuite name="lawyers-crud-complete.spec.js" timestamp="2025-09-19T05:55:57.334Z" hostname="webkit" tests="4" failures="4" skipped="0" time="192.529" errors="0">
<testcase name="Lawyers CRUD - Complete Functionality Test › Should complete full Lawyers CRUD workflow" classname="lawyers-crud-complete.spec.js" time="62.971">
<failure message="lawyers-crud-complete.spec.js:49:3 Should complete full Lawyers CRUD workflow" type="FAILURE">
<![CDATA[  [webkit] › lawyers-crud-complete.spec.js:49:3 › Lawyers CRUD - Complete Functionality Test › Should complete full Lawyers CRUD workflow 

    TimeoutError: page.click: Timeout 30000ms exceeded.
    Call log:
      - waiting for locator('text=المحامون')


      61 |     // Step 2: Navigate to Lawyers page
      62 |     console.log('3. Navigate to Lawyers page...');
    > 63 |     await page.click('text=المحامون');
         |                ^
      64 |     await page.waitForLoadState('networkidle');
      65 |
      66 |     // Verify we're on the lawyers page
        at D:\Claude\Litigation_Reports\tests\lawyers-crud-complete.spec.js:63:16

    attachment #1: screenshot (image/png) ──────────────────────────────────────────────────────────
    ..\test-results\lawyers-crud-complete-Lawy-e8df3--full-Lawyers-CRUD-workflow-webkit\test-failed-1.png
    ────────────────────────────────────────────────────────────────────────────────────────────────

    Error Context: ..\test-results\lawyers-crud-complete-Lawy-e8df3--full-Lawyers-CRUD-workflow-webkit\error-context.md

    attachment #3: trace (application/zip) ─────────────────────────────────────────────────────────
    ..\test-results\lawyers-crud-complete-Lawy-e8df3--full-Lawyers-CRUD-workflow-webkit\trace.zip
    Usage:

        npx playwright show-trace ..\test-results\lawyers-crud-complete-Lawy-e8df3--full-Lawyers-CRUD-workflow-webkit\trace.zip

    ────────────────────────────────────────────────────────────────────────────────────────────────

    Retry #1 ───────────────────────────────────────────────────────────────────────────────────────

    TimeoutError: page.click: Timeout 30000ms exceeded.
    Call log:
      - waiting for locator('text=المحامون')


      61 |     // Step 2: Navigate to Lawyers page
      62 |     console.log('3. Navigate to Lawyers page...');
    > 63 |     await page.click('text=المحامون');
         |                ^
      64 |     await page.waitForLoadState('networkidle');
      65 |
      66 |     // Verify we're on the lawyers page
        at D:\Claude\Litigation_Reports\tests\lawyers-crud-complete.spec.js:63:16

    attachment #1: screenshot (image/png) ──────────────────────────────────────────────────────────
    ..\test-results\lawyers-crud-complete-Lawy-e8df3--full-Lawyers-CRUD-workflow-webkit-retry1\test-failed-1.png
    ────────────────────────────────────────────────────────────────────────────────────────────────

    Error Context: ..\test-results\lawyers-crud-complete-Lawy-e8df3--full-Lawyers-CRUD-workflow-webkit-retry1\error-context.md

    attachment #3: trace (application/zip) ─────────────────────────────────────────────────────────
    ..\test-results\lawyers-crud-complete-Lawy-e8df3--full-Lawyers-CRUD-workflow-webkit-retry1\trace.zip
    Usage:

        npx playwright show-trace ..\test-results\lawyers-crud-complete-Lawy-e8df3--full-Lawyers-CRUD-workflow-webkit-retry1\trace.zip

    ────────────────────────────────────────────────────────────────────────────────────────────────
]]>
</failure>
<system-out>
<![CDATA[1. Navigate to application...
2. Login process...
✓ Login successful
3. Navigate to Lawyers page...

[[ATTACHMENT|lawyers-crud-complete-Lawy-e8df3--full-Lawyers-CRUD-workflow-webkit\test-failed-1.png]]

[[ATTACHMENT|lawyers-crud-complete-Lawy-e8df3--full-Lawyers-CRUD-workflow-webkit\error-context.md]]

[[ATTACHMENT|lawyers-crud-complete-Lawy-e8df3--full-Lawyers-CRUD-workflow-webkit\trace.zip]]
1. Navigate to application...
2. Login process...
✓ Login successful
3. Navigate to Lawyers page...

[[ATTACHMENT|lawyers-crud-complete-Lawy-e8df3--full-Lawyers-CRUD-workflow-webkit-retry1\test-failed-1.png]]

[[ATTACHMENT|lawyers-crud-complete-Lawy-e8df3--full-Lawyers-CRUD-workflow-webkit-retry1\error-context.md]]

[[ATTACHMENT|lawyers-crud-complete-Lawy-e8df3--full-Lawyers-CRUD-workflow-webkit-retry1\trace.zip]]
]]>
</system-out>
</testcase>
<testcase name="Lawyers CRUD - Complete Functionality Test › Should test Lawyers CRUD API endpoints" classname="lawyers-crud-complete.spec.js" time="0.806">
<failure message="lawyers-crud-complete.spec.js:288:3 Should test Lawyers CRUD API endpoints" type="FAILURE">
<![CDATA[  [webkit] › lawyers-crud-complete.spec.js:288:3 › Lawyers CRUD - Complete Functionality Test › Should test Lawyers CRUD API endpoints 

    Error: expect(received).toBeTruthy()

    Received: false

      291 |     // Test GET /api/lawyers endpoint
      292 |     const response = await page.request.get('http://lit.local/api/lawyers');
    > 293 |     expect(response.ok()).toBeTruthy();
          |                           ^
      294 |
      295 |     const lawyersData = await response.json();
      296 |     expect(lawyersData.success).toBeTruthy();
        at D:\Claude\Litigation_Reports\tests\lawyers-crud-complete.spec.js:293:27

    attachment #1: screenshot (image/png) ──────────────────────────────────────────────────────────
    ..\test-results\lawyers-crud-complete-Lawy-1f2cf--Lawyers-CRUD-API-endpoints-webkit\test-failed-1.png
    ────────────────────────────────────────────────────────────────────────────────────────────────

    Error Context: ..\test-results\lawyers-crud-complete-Lawy-1f2cf--Lawyers-CRUD-API-endpoints-webkit\error-context.md

    attachment #3: trace (application/zip) ─────────────────────────────────────────────────────────
    ..\test-results\lawyers-crud-complete-Lawy-1f2cf--Lawyers-CRUD-API-endpoints-webkit\trace.zip
    Usage:

        npx playwright show-trace ..\test-results\lawyers-crud-complete-Lawy-1f2cf--Lawyers-CRUD-API-endpoints-webkit\trace.zip

    ────────────────────────────────────────────────────────────────────────────────────────────────

    Retry #1 ───────────────────────────────────────────────────────────────────────────────────────

    Error: expect(received).toBeTruthy()

    Received: false

      291 |     // Test GET /api/lawyers endpoint
      292 |     const response = await page.request.get('http://lit.local/api/lawyers');
    > 293 |     expect(response.ok()).toBeTruthy();
          |                           ^
      294 |
      295 |     const lawyersData = await response.json();
      296 |     expect(lawyersData.success).toBeTruthy();
        at D:\Claude\Litigation_Reports\tests\lawyers-crud-complete.spec.js:293:27

    attachment #1: screenshot (image/png) ──────────────────────────────────────────────────────────
    ..\test-results\lawyers-crud-complete-Lawy-1f2cf--Lawyers-CRUD-API-endpoints-webkit-retry1\test-failed-1.png
    ────────────────────────────────────────────────────────────────────────────────────────────────

    Error Context: ..\test-results\lawyers-crud-complete-Lawy-1f2cf--Lawyers-CRUD-API-endpoints-webkit-retry1\error-context.md

    attachment #3: trace (application/zip) ─────────────────────────────────────────────────────────
    ..\test-results\lawyers-crud-complete-Lawy-1f2cf--Lawyers-CRUD-API-endpoints-webkit-retry1\trace.zip
    Usage:

        npx playwright show-trace ..\test-results\lawyers-crud-complete-Lawy-1f2cf--Lawyers-CRUD-API-endpoints-webkit-retry1\trace.zip

    ────────────────────────────────────────────────────────────────────────────────────────────────
]]>
</failure>
<system-out>
<![CDATA[1. Navigate to application...
15. Testing API endpoints...

[[ATTACHMENT|lawyers-crud-complete-Lawy-1f2cf--Lawyers-CRUD-API-endpoints-webkit\test-failed-1.png]]

[[ATTACHMENT|lawyers-crud-complete-Lawy-1f2cf--Lawyers-CRUD-API-endpoints-webkit\error-context.md]]

[[ATTACHMENT|lawyers-crud-complete-Lawy-1f2cf--Lawyers-CRUD-API-endpoints-webkit\trace.zip]]
1. Navigate to application...
15. Testing API endpoints...

[[ATTACHMENT|lawyers-crud-complete-Lawy-1f2cf--Lawyers-CRUD-API-endpoints-webkit-retry1\test-failed-1.png]]

[[ATTACHMENT|lawyers-crud-complete-Lawy-1f2cf--Lawyers-CRUD-API-endpoints-webkit-retry1\error-context.md]]

[[ATTACHMENT|lawyers-crud-complete-Lawy-1f2cf--Lawyers-CRUD-API-endpoints-webkit-retry1\trace.zip]]
]]>
</system-out>
</testcase>
<testcase name="Lawyers CRUD - Complete Functionality Test › Should test responsive design on mobile" classname="lawyers-crud-complete.spec.js" time="61.982">
<failure message="lawyers-crud-complete.spec.js:307:3 Should test responsive design on mobile" type="FAILURE">
<![CDATA[  [webkit] › lawyers-crud-complete.spec.js:307:3 › Lawyers CRUD - Complete Functionality Test › Should test responsive design on mobile 

    TimeoutError: page.click: Timeout 30000ms exceeded.
    Call log:
      - waiting for locator('text=المحامون')


      314 |
      315 |     // Navigate to lawyers page
    > 316 |     await page.click('text=المحامون');
          |                ^
      317 |     await page.waitForLoadState('networkidle');
      318 |
      319 |     // Verify page is responsive
        at D:\Claude\Litigation_Reports\tests\lawyers-crud-complete.spec.js:316:16

    attachment #1: screenshot (image/png) ──────────────────────────────────────────────────────────
    ..\test-results\lawyers-crud-complete-Lawy-c87dd-responsive-design-on-mobile-webkit\test-failed-1.png
    ────────────────────────────────────────────────────────────────────────────────────────────────

    Error Context: ..\test-results\lawyers-crud-complete-Lawy-c87dd-responsive-design-on-mobile-webkit\error-context.md

    attachment #3: trace (application/zip) ─────────────────────────────────────────────────────────
    ..\test-results\lawyers-crud-complete-Lawy-c87dd-responsive-design-on-mobile-webkit\trace.zip
    Usage:

        npx playwright show-trace ..\test-results\lawyers-crud-complete-Lawy-c87dd-responsive-design-on-mobile-webkit\trace.zip

    ────────────────────────────────────────────────────────────────────────────────────────────────

    Retry #1 ───────────────────────────────────────────────────────────────────────────────────────

    TimeoutError: page.click: Timeout 30000ms exceeded.
    Call log:
      - waiting for locator('text=المحامون')


      314 |
      315 |     // Navigate to lawyers page
    > 316 |     await page.click('text=المحامون');
          |                ^
      317 |     await page.waitForLoadState('networkidle');
      318 |
      319 |     // Verify page is responsive
        at D:\Claude\Litigation_Reports\tests\lawyers-crud-complete.spec.js:316:16

    attachment #1: screenshot (image/png) ──────────────────────────────────────────────────────────
    ..\test-results\lawyers-crud-complete-Lawy-c87dd-responsive-design-on-mobile-webkit-retry1\test-failed-1.png
    ────────────────────────────────────────────────────────────────────────────────────────────────

    Error Context: ..\test-results\lawyers-crud-complete-Lawy-c87dd-responsive-design-on-mobile-webkit-retry1\error-context.md

    attachment #3: trace (application/zip) ─────────────────────────────────────────────────────────
    ..\test-results\lawyers-crud-complete-Lawy-c87dd-responsive-design-on-mobile-webkit-retry1\trace.zip
    Usage:

        npx playwright show-trace ..\test-results\lawyers-crud-complete-Lawy-c87dd-responsive-design-on-mobile-webkit-retry1\trace.zip

    ────────────────────────────────────────────────────────────────────────────────────────────────
]]>
</failure>
<system-out>
<![CDATA[1. Navigate to application...
16. Testing responsive design...

[[ATTACHMENT|lawyers-crud-complete-Lawy-c87dd-responsive-design-on-mobile-webkit\test-failed-1.png]]

[[ATTACHMENT|lawyers-crud-complete-Lawy-c87dd-responsive-design-on-mobile-webkit\error-context.md]]

[[ATTACHMENT|lawyers-crud-complete-Lawy-c87dd-responsive-design-on-mobile-webkit\trace.zip]]
1. Navigate to application...
16. Testing responsive design...

[[ATTACHMENT|lawyers-crud-complete-Lawy-c87dd-responsive-design-on-mobile-webkit-retry1\test-failed-1.png]]

[[ATTACHMENT|lawyers-crud-complete-Lawy-c87dd-responsive-design-on-mobile-webkit-retry1\error-context.md]]

[[ATTACHMENT|lawyers-crud-complete-Lawy-c87dd-responsive-design-on-mobile-webkit-retry1\trace.zip]]
]]>
</system-out>
</testcase>
<testcase name="Lawyers CRUD - Edge Cases › Should handle special characters and Arabic text properly" classname="lawyers-crud-complete.spec.js" time="66.77">
<failure message="lawyers-crud-complete.spec.js:334:3 Should handle special characters and Arabic text properly" type="FAILURE">
<![CDATA[  [webkit] › lawyers-crud-complete.spec.js:334:3 › Lawyers CRUD - Edge Cases › Should handle special characters and Arabic text properly 

    TimeoutError: page.click: Timeout 30000ms exceeded.
    Call log:
      - waiting for locator('text=المحامون')


      343 |
      344 |     // Go to lawyers page
    > 345 |     await page.click('text=المحامون');
          |                ^
      346 |     await page.waitForLoadState('networkidle');
      347 |
      348 |     // Test Arabic text and special characters
        at D:\Claude\Litigation_Reports\tests\lawyers-crud-complete.spec.js:345:16

    attachment #1: screenshot (image/png) ──────────────────────────────────────────────────────────
    ..\test-results\lawyers-crud-complete-Lawy-eb2de-rs-and-Arabic-text-properly-webkit\test-failed-1.png
    ────────────────────────────────────────────────────────────────────────────────────────────────

    attachment #2: video (video/webm) ──────────────────────────────────────────────────────────────
    ..\test-results\lawyers-crud-complete-Lawy-eb2de-rs-and-Arabic-text-properly-webkit\video.webm
    ────────────────────────────────────────────────────────────────────────────────────────────────

    Error Context: ..\test-results\lawyers-crud-complete-Lawy-eb2de-rs-and-Arabic-text-properly-webkit\error-context.md

    attachment #4: trace (application/zip) ─────────────────────────────────────────────────────────
    ..\test-results\lawyers-crud-complete-Lawy-eb2de-rs-and-Arabic-text-properly-webkit\trace.zip
    Usage:

        npx playwright show-trace ..\test-results\lawyers-crud-complete-Lawy-eb2de-rs-and-Arabic-text-properly-webkit\trace.zip

    ────────────────────────────────────────────────────────────────────────────────────────────────

    Retry #1 ───────────────────────────────────────────────────────────────────────────────────────

    TimeoutError: page.click: Timeout 30000ms exceeded.
    Call log:
      - waiting for locator('text=المحامون')


      343 |
      344 |     // Go to lawyers page
    > 345 |     await page.click('text=المحامون');
          |                ^
      346 |     await page.waitForLoadState('networkidle');
      347 |
      348 |     // Test Arabic text and special characters
        at D:\Claude\Litigation_Reports\tests\lawyers-crud-complete.spec.js:345:16

    attachment #1: screenshot (image/png) ──────────────────────────────────────────────────────────
    ..\test-results\lawyers-crud-complete-Lawy-eb2de-rs-and-Arabic-text-properly-webkit-retry1\test-failed-1.png
    ────────────────────────────────────────────────────────────────────────────────────────────────

    attachment #2: video (video/webm) ──────────────────────────────────────────────────────────────
    ..\test-results\lawyers-crud-complete-Lawy-eb2de-rs-and-Arabic-text-properly-webkit-retry1\video.webm
    ────────────────────────────────────────────────────────────────────────────────────────────────

    Error Context: ..\test-results\lawyers-crud-complete-Lawy-eb2de-rs-and-Arabic-text-properly-webkit-retry1\error-context.md

    attachment #4: trace (application/zip) ─────────────────────────────────────────────────────────
    ..\test-results\lawyers-crud-complete-Lawy-eb2de-rs-and-Arabic-text-properly-webkit-retry1\trace.zip
    Usage:

        npx playwright show-trace ..\test-results\lawyers-crud-complete-Lawy-eb2de-rs-and-Arabic-text-properly-webkit-retry1\trace.zip

    ────────────────────────────────────────────────────────────────────────────────────────────────
]]>
</failure>
<system-out>
<![CDATA[17. Testing special characters and Arabic text...

[[ATTACHMENT|lawyers-crud-complete-Lawy-eb2de-rs-and-Arabic-text-properly-webkit\test-failed-1.png]]

[[ATTACHMENT|lawyers-crud-complete-Lawy-eb2de-rs-and-Arabic-text-properly-webkit\video.webm]]

[[ATTACHMENT|lawyers-crud-complete-Lawy-eb2de-rs-and-Arabic-text-properly-webkit\error-context.md]]

[[ATTACHMENT|lawyers-crud-complete-Lawy-eb2de-rs-and-Arabic-text-properly-webkit\trace.zip]]
17. Testing special characters and Arabic text...

[[ATTACHMENT|lawyers-crud-complete-Lawy-eb2de-rs-and-Arabic-text-properly-webkit-retry1\test-failed-1.png]]

[[ATTACHMENT|lawyers-crud-complete-Lawy-eb2de-rs-and-Arabic-text-properly-webkit-retry1\video.webm]]

[[ATTACHMENT|lawyers-crud-complete-Lawy-eb2de-rs-and-Arabic-text-properly-webkit-retry1\error-context.md]]

[[ATTACHMENT|lawyers-crud-complete-Lawy-eb2de-rs-and-Arabic-text-properly-webkit-retry1\trace.zip]]
]]>
</system-out>
</testcase>
</testsuite>
<testsuite name="lawyers-crud-complete.spec.js" timestamp="2025-09-19T05:55:57.334Z" hostname="chromium-rtl" tests="4" failures="4" skipped="0" time="193.229" errors="0">
<testcase name="Lawyers CRUD - Complete Functionality Test › Should complete full Lawyers CRUD workflow" classname="lawyers-crud-complete.spec.js" time="61.424">
<failure message="lawyers-crud-complete.spec.js:49:3 Should complete full Lawyers CRUD workflow" type="FAILURE">
<![CDATA[  [chromium-rtl] › lawyers-crud-complete.spec.js:49:3 › Lawyers CRUD - Complete Functionality Test › Should complete full Lawyers CRUD workflow 

    TimeoutError: page.click: Timeout 30000ms exceeded.
    Call log:
      - waiting for locator('text=المحامون')


      61 |     // Step 2: Navigate to Lawyers page
      62 |     console.log('3. Navigate to Lawyers page...');
    > 63 |     await page.click('text=المحامون');
         |                ^
      64 |     await page.waitForLoadState('networkidle');
      65 |
      66 |     // Verify we're on the lawyers page
        at D:\Claude\Litigation_Reports\tests\lawyers-crud-complete.spec.js:63:16

    attachment #1: screenshot (image/png) ──────────────────────────────────────────────────────────
    ..\test-results\lawyers-crud-complete-Lawy-e8df3--full-Lawyers-CRUD-workflow-chromium-rtl\test-failed-1.png
    ────────────────────────────────────────────────────────────────────────────────────────────────

    Error Context: ..\test-results\lawyers-crud-complete-Lawy-e8df3--full-Lawyers-CRUD-workflow-chromium-rtl\error-context.md

    attachment #3: trace (application/zip) ─────────────────────────────────────────────────────────
    ..\test-results\lawyers-crud-complete-Lawy-e8df3--full-Lawyers-CRUD-workflow-chromium-rtl\trace.zip
    Usage:

        npx playwright show-trace ..\test-results\lawyers-crud-complete-Lawy-e8df3--full-Lawyers-CRUD-workflow-chromium-rtl\trace.zip

    ────────────────────────────────────────────────────────────────────────────────────────────────

    Retry #1 ───────────────────────────────────────────────────────────────────────────────────────

    TimeoutError: page.click: Timeout 30000ms exceeded.
    Call log:
      - waiting for locator('text=المحامون')


      61 |     // Step 2: Navigate to Lawyers page
      62 |     console.log('3. Navigate to Lawyers page...');
    > 63 |     await page.click('text=المحامون');
         |                ^
      64 |     await page.waitForLoadState('networkidle');
      65 |
      66 |     // Verify we're on the lawyers page
        at D:\Claude\Litigation_Reports\tests\lawyers-crud-complete.spec.js:63:16

    attachment #1: screenshot (image/png) ──────────────────────────────────────────────────────────
    ..\test-results\lawyers-crud-complete-Lawy-e8df3--full-Lawyers-CRUD-workflow-chromium-rtl-retry1\test-failed-1.png
    ────────────────────────────────────────────────────────────────────────────────────────────────

    Error Context: ..\test-results\lawyers-crud-complete-Lawy-e8df3--full-Lawyers-CRUD-workflow-chromium-rtl-retry1\error-context.md

    attachment #3: trace (application/zip) ─────────────────────────────────────────────────────────
    ..\test-results\lawyers-crud-complete-Lawy-e8df3--full-Lawyers-CRUD-workflow-chromium-rtl-retry1\trace.zip
    Usage:

        npx playwright show-trace ..\test-results\lawyers-crud-complete-Lawy-e8df3--full-Lawyers-CRUD-workflow-chromium-rtl-retry1\trace.zip

    ────────────────────────────────────────────────────────────────────────────────────────────────
]]>
</failure>
<system-out>
<![CDATA[1. Navigate to application...
2. Login process...
✓ Login successful
3. Navigate to Lawyers page...

[[ATTACHMENT|lawyers-crud-complete-Lawy-e8df3--full-Lawyers-CRUD-workflow-chromium-rtl\test-failed-1.png]]

[[ATTACHMENT|lawyers-crud-complete-Lawy-e8df3--full-Lawyers-CRUD-workflow-chromium-rtl\error-context.md]]

[[ATTACHMENT|lawyers-crud-complete-Lawy-e8df3--full-Lawyers-CRUD-workflow-chromium-rtl\trace.zip]]
1. Navigate to application...
2. Login process...
✓ Login successful
3. Navigate to Lawyers page...

[[ATTACHMENT|lawyers-crud-complete-Lawy-e8df3--full-Lawyers-CRUD-workflow-chromium-rtl-retry1\test-failed-1.png]]

[[ATTACHMENT|lawyers-crud-complete-Lawy-e8df3--full-Lawyers-CRUD-workflow-chromium-rtl-retry1\error-context.md]]

[[ATTACHMENT|lawyers-crud-complete-Lawy-e8df3--full-Lawyers-CRUD-workflow-chromium-rtl-retry1\trace.zip]]
]]>
</system-out>
</testcase>
<testcase name="Lawyers CRUD - Complete Functionality Test › Should test Lawyers CRUD API endpoints" classname="lawyers-crud-complete.spec.js" time="0.305">
<failure message="lawyers-crud-complete.spec.js:288:3 Should test Lawyers CRUD API endpoints" type="FAILURE">
<![CDATA[  [chromium-rtl] › lawyers-crud-complete.spec.js:288:3 › Lawyers CRUD - Complete Functionality Test › Should test Lawyers CRUD API endpoints 

    Error: expect(received).toBeTruthy()

    Received: false

      291 |     // Test GET /api/lawyers endpoint
      292 |     const response = await page.request.get('http://lit.local/api/lawyers');
    > 293 |     expect(response.ok()).toBeTruthy();
          |                           ^
      294 |
      295 |     const lawyersData = await response.json();
      296 |     expect(lawyersData.success).toBeTruthy();
        at D:\Claude\Litigation_Reports\tests\lawyers-crud-complete.spec.js:293:27

    attachment #1: screenshot (image/png) ──────────────────────────────────────────────────────────
    ..\test-results\lawyers-crud-complete-Lawy-1f2cf--Lawyers-CRUD-API-endpoints-chromium-rtl\test-failed-1.png
    ────────────────────────────────────────────────────────────────────────────────────────────────

    Error Context: ..\test-results\lawyers-crud-complete-Lawy-1f2cf--Lawyers-CRUD-API-endpoints-chromium-rtl\error-context.md

    attachment #3: trace (application/zip) ─────────────────────────────────────────────────────────
    ..\test-results\lawyers-crud-complete-Lawy-1f2cf--Lawyers-CRUD-API-endpoints-chromium-rtl\trace.zip
    Usage:

        npx playwright show-trace ..\test-results\lawyers-crud-complete-Lawy-1f2cf--Lawyers-CRUD-API-endpoints-chromium-rtl\trace.zip

    ────────────────────────────────────────────────────────────────────────────────────────────────

    Retry #1 ───────────────────────────────────────────────────────────────────────────────────────

    Error: expect(received).toBeTruthy()

    Received: false

      291 |     // Test GET /api/lawyers endpoint
      292 |     const response = await page.request.get('http://lit.local/api/lawyers');
    > 293 |     expect(response.ok()).toBeTruthy();
          |                           ^
      294 |
      295 |     const lawyersData = await response.json();
      296 |     expect(lawyersData.success).toBeTruthy();
        at D:\Claude\Litigation_Reports\tests\lawyers-crud-complete.spec.js:293:27

    attachment #1: screenshot (image/png) ──────────────────────────────────────────────────────────
    ..\test-results\lawyers-crud-complete-Lawy-1f2cf--Lawyers-CRUD-API-endpoints-chromium-rtl-retry1\test-failed-1.png
    ────────────────────────────────────────────────────────────────────────────────────────────────

    Error Context: ..\test-results\lawyers-crud-complete-Lawy-1f2cf--Lawyers-CRUD-API-endpoints-chromium-rtl-retry1\error-context.md

    attachment #3: trace (application/zip) ─────────────────────────────────────────────────────────
    ..\test-results\lawyers-crud-complete-Lawy-1f2cf--Lawyers-CRUD-API-endpoints-chromium-rtl-retry1\trace.zip
    Usage:

        npx playwright show-trace ..\test-results\lawyers-crud-complete-Lawy-1f2cf--Lawyers-CRUD-API-endpoints-chromium-rtl-retry1\trace.zip

    ────────────────────────────────────────────────────────────────────────────────────────────────
]]>
</failure>
<system-out>
<![CDATA[1. Navigate to application...
15. Testing API endpoints...

[[ATTACHMENT|lawyers-crud-complete-Lawy-1f2cf--Lawyers-CRUD-API-endpoints-chromium-rtl\test-failed-1.png]]

[[ATTACHMENT|lawyers-crud-complete-Lawy-1f2cf--Lawyers-CRUD-API-endpoints-chromium-rtl\error-context.md]]

[[ATTACHMENT|lawyers-crud-complete-Lawy-1f2cf--Lawyers-CRUD-API-endpoints-chromium-rtl\trace.zip]]
1. Navigate to application...
15. Testing API endpoints...

[[ATTACHMENT|lawyers-crud-complete-Lawy-1f2cf--Lawyers-CRUD-API-endpoints-chromium-rtl-retry1\test-failed-1.png]]

[[ATTACHMENT|lawyers-crud-complete-Lawy-1f2cf--Lawyers-CRUD-API-endpoints-chromium-rtl-retry1\error-context.md]]

[[ATTACHMENT|lawyers-crud-complete-Lawy-1f2cf--Lawyers-CRUD-API-endpoints-chromium-rtl-retry1\trace.zip]]
]]>
</system-out>
</testcase>
<testcase name="Lawyers CRUD - Complete Functionality Test › Should test responsive design on mobile" classname="lawyers-crud-complete.spec.js" time="61.846">
<failure message="lawyers-crud-complete.spec.js:307:3 Should test responsive design on mobile" type="FAILURE">
<![CDATA[  [chromium-rtl] › lawyers-crud-complete.spec.js:307:3 › Lawyers CRUD - Complete Functionality Test › Should test responsive design on mobile 

    TimeoutError: page.click: Timeout 30000ms exceeded.
    Call log:
      - waiting for locator('text=المحامون')


      314 |
      315 |     // Navigate to lawyers page
    > 316 |     await page.click('text=المحامون');
          |                ^
      317 |     await page.waitForLoadState('networkidle');
      318 |
      319 |     // Verify page is responsive
        at D:\Claude\Litigation_Reports\tests\lawyers-crud-complete.spec.js:316:16

    attachment #1: screenshot (image/png) ──────────────────────────────────────────────────────────
    ..\test-results\lawyers-crud-complete-Lawy-c87dd-responsive-design-on-mobile-chromium-rtl\test-failed-1.png
    ────────────────────────────────────────────────────────────────────────────────────────────────

    Error Context: ..\test-results\lawyers-crud-complete-Lawy-c87dd-responsive-design-on-mobile-chromium-rtl\error-context.md

    attachment #3: trace (application/zip) ─────────────────────────────────────────────────────────
    ..\test-results\lawyers-crud-complete-Lawy-c87dd-responsive-design-on-mobile-chromium-rtl\trace.zip
    Usage:

        npx playwright show-trace ..\test-results\lawyers-crud-complete-Lawy-c87dd-responsive-design-on-mobile-chromium-rtl\trace.zip

    ────────────────────────────────────────────────────────────────────────────────────────────────

    Retry #1 ───────────────────────────────────────────────────────────────────────────────────────

    TimeoutError: page.click: Timeout 30000ms exceeded.
    Call log:
      - waiting for locator('text=المحامون')


      314 |
      315 |     // Navigate to lawyers page
    > 316 |     await page.click('text=المحامون');
          |                ^
      317 |     await page.waitForLoadState('networkidle');
      318 |
      319 |     // Verify page is responsive
        at D:\Claude\Litigation_Reports\tests\lawyers-crud-complete.spec.js:316:16

    attachment #1: screenshot (image/png) ──────────────────────────────────────────────────────────
    ..\test-results\lawyers-crud-complete-Lawy-c87dd-responsive-design-on-mobile-chromium-rtl-retry1\test-failed-1.png
    ────────────────────────────────────────────────────────────────────────────────────────────────

    Error Context: ..\test-results\lawyers-crud-complete-Lawy-c87dd-responsive-design-on-mobile-chromium-rtl-retry1\error-context.md

    attachment #3: trace (application/zip) ─────────────────────────────────────────────────────────
    ..\test-results\lawyers-crud-complete-Lawy-c87dd-responsive-design-on-mobile-chromium-rtl-retry1\trace.zip
    Usage:

        npx playwright show-trace ..\test-results\lawyers-crud-complete-Lawy-c87dd-responsive-design-on-mobile-chromium-rtl-retry1\trace.zip

    ────────────────────────────────────────────────────────────────────────────────────────────────
]]>
</failure>
<system-out>
<![CDATA[1. Navigate to application...
16. Testing responsive design...

[[ATTACHMENT|lawyers-crud-complete-Lawy-c87dd-responsive-design-on-mobile-chromium-rtl\test-failed-1.png]]

[[ATTACHMENT|lawyers-crud-complete-Lawy-c87dd-responsive-design-on-mobile-chromium-rtl\error-context.md]]

[[ATTACHMENT|lawyers-crud-complete-Lawy-c87dd-responsive-design-on-mobile-chromium-rtl\trace.zip]]
1. Navigate to application...
16. Testing responsive design...

[[ATTACHMENT|lawyers-crud-complete-Lawy-c87dd-responsive-design-on-mobile-chromium-rtl-retry1\test-failed-1.png]]

[[ATTACHMENT|lawyers-crud-complete-Lawy-c87dd-responsive-design-on-mobile-chromium-rtl-retry1\error-context.md]]

[[ATTACHMENT|lawyers-crud-complete-Lawy-c87dd-responsive-design-on-mobile-chromium-rtl-retry1\trace.zip]]
]]>
</system-out>
</testcase>
<testcase name="Lawyers CRUD - Edge Cases › Should handle special characters and Arabic text properly" classname="lawyers-crud-complete.spec.js" time="69.654">
<failure message="lawyers-crud-complete.spec.js:334:3 Should handle special characters and Arabic text properly" type="FAILURE">
<![CDATA[  [chromium-rtl] › lawyers-crud-complete.spec.js:334:3 › Lawyers CRUD - Edge Cases › Should handle special characters and Arabic text properly 

    TimeoutError: page.click: Timeout 30000ms exceeded.
    Call log:
      - waiting for locator('text=المحامون')


      343 |
      344 |     // Go to lawyers page
    > 345 |     await page.click('text=المحامون');
          |                ^
      346 |     await page.waitForLoadState('networkidle');
      347 |
      348 |     // Test Arabic text and special characters
        at D:\Claude\Litigation_Reports\tests\lawyers-crud-complete.spec.js:345:16

    attachment #1: screenshot (image/png) ──────────────────────────────────────────────────────────
    ..\test-results\lawyers-crud-complete-Lawy-eb2de-rs-and-Arabic-text-properly-chromium-rtl\test-failed-1.png
    ────────────────────────────────────────────────────────────────────────────────────────────────

    attachment #2: video (video/webm) ──────────────────────────────────────────────────────────────
    ..\test-results\lawyers-crud-complete-Lawy-eb2de-rs-and-Arabic-text-properly-chromium-rtl\video.webm
    ────────────────────────────────────────────────────────────────────────────────────────────────

    Error Context: ..\test-results\lawyers-crud-complete-Lawy-eb2de-rs-and-Arabic-text-properly-chromium-rtl\error-context.md

    attachment #4: trace (application/zip) ─────────────────────────────────────────────────────────
    ..\test-results\lawyers-crud-complete-Lawy-eb2de-rs-and-Arabic-text-properly-chromium-rtl\trace.zip
    Usage:

        npx playwright show-trace ..\test-results\lawyers-crud-complete-Lawy-eb2de-rs-and-Arabic-text-properly-chromium-rtl\trace.zip

    ────────────────────────────────────────────────────────────────────────────────────────────────

    Retry #1 ───────────────────────────────────────────────────────────────────────────────────────

    TimeoutError: page.click: Timeout 30000ms exceeded.
    Call log:
      - waiting for locator('text=المحامون')


      343 |
      344 |     // Go to lawyers page
    > 345 |     await page.click('text=المحامون');
          |                ^
      346 |     await page.waitForLoadState('networkidle');
      347 |
      348 |     // Test Arabic text and special characters
        at D:\Claude\Litigation_Reports\tests\lawyers-crud-complete.spec.js:345:16

    attachment #1: screenshot (image/png) ──────────────────────────────────────────────────────────
    ..\test-results\lawyers-crud-complete-Lawy-eb2de-rs-and-Arabic-text-properly-chromium-rtl-retry1\test-failed-1.png
    ────────────────────────────────────────────────────────────────────────────────────────────────

    attachment #2: video (video/webm) ──────────────────────────────────────────────────────────────
    ..\test-results\lawyers-crud-complete-Lawy-eb2de-rs-and-Arabic-text-properly-chromium-rtl-retry1\video.webm
    ────────────────────────────────────────────────────────────────────────────────────────────────

    Error Context: ..\test-results\lawyers-crud-complete-Lawy-eb2de-rs-and-Arabic-text-properly-chromium-rtl-retry1\error-context.md

    attachment #4: trace (application/zip) ─────────────────────────────────────────────────────────
    ..\test-results\lawyers-crud-complete-Lawy-eb2de-rs-and-Arabic-text-properly-chromium-rtl-retry1\trace.zip
    Usage:

        npx playwright show-trace ..\test-results\lawyers-crud-complete-Lawy-eb2de-rs-and-Arabic-text-properly-chromium-rtl-retry1\trace.zip

    ────────────────────────────────────────────────────────────────────────────────────────────────
]]>
</failure>
<system-out>
<![CDATA[17. Testing special characters and Arabic text...

[[ATTACHMENT|lawyers-crud-complete-Lawy-eb2de-rs-and-Arabic-text-properly-chromium-rtl\test-failed-1.png]]

[[ATTACHMENT|lawyers-crud-complete-Lawy-eb2de-rs-and-Arabic-text-properly-chromium-rtl\video.webm]]

[[ATTACHMENT|lawyers-crud-complete-Lawy-eb2de-rs-and-Arabic-text-properly-chromium-rtl\error-context.md]]

[[ATTACHMENT|lawyers-crud-complete-Lawy-eb2de-rs-and-Arabic-text-properly-chromium-rtl\trace.zip]]
17. Testing special characters and Arabic text...

[[ATTACHMENT|lawyers-crud-complete-Lawy-eb2de-rs-and-Arabic-text-properly-chromium-rtl-retry1\test-failed-1.png]]

[[ATTACHMENT|lawyers-crud-complete-Lawy-eb2de-rs-and-Arabic-text-properly-chromium-rtl-retry1\video.webm]]

[[ATTACHMENT|lawyers-crud-complete-Lawy-eb2de-rs-and-Arabic-text-properly-chromium-rtl-retry1\error-context.md]]

[[ATTACHMENT|lawyers-crud-complete-Lawy-eb2de-rs-and-Arabic-text-properly-chromium-rtl-retry1\trace.zip]]
]]>
</system-out>
</testcase>
</testsuite>
<testsuite name="lawyers-crud-complete.spec.js" timestamp="2025-09-19T05:55:57.334Z" hostname="firefox-rtl" tests="4" failures="4" skipped="0" time="146.309" errors="0">
<testcase name="Lawyers CRUD - Complete Functionality Test › Should complete full Lawyers CRUD workflow" classname="lawyers-crud-complete.spec.js" time="36.951">
<failure message="lawyers-crud-complete.spec.js:49:3 Should complete full Lawyers CRUD workflow" type="FAILURE">
<![CDATA[  [firefox-rtl] › lawyers-crud-complete.spec.js:49:3 › Lawyers CRUD - Complete Functionality Test › Should complete full Lawyers CRUD workflow 

    TimeoutError: page.click: Timeout 30000ms exceeded.
    Call log:
      - waiting for locator('text=المحامون')


      61 |     // Step 2: Navigate to Lawyers page
      62 |     console.log('3. Navigate to Lawyers page...');
    > 63 |     await page.click('text=المحامون');
         |                ^
      64 |     await page.waitForLoadState('networkidle');
      65 |
      66 |     // Verify we're on the lawyers page
        at D:\Claude\Litigation_Reports\tests\lawyers-crud-complete.spec.js:63:16

    "afterAll" hook timeout of 60000ms exceeded.

      43 |   });
      44 |
    > 45 |   test.afterAll(async () => {
         |        ^
      46 |     await context.close();
      47 |   });
      48 |
        at D:\Claude\Litigation_Reports\tests\lawyers-crud-complete.spec.js:45:8

    Error: browserContext.close: Test ended.
    Browser logs:

    <launching> C:\Users\Khaled\AppData\Local\ms-playwright\firefox-1490\firefox\firefox.exe -no-remote -wait-for-browser -foreground -profile C:\Users\Khaled\AppData\Local\Temp\playwright_firefoxdev_profile-FvIp20 -juggler-pipe -silent
    <launched> pid=61748
    [pid=61748][err] JavaScript warning: resource://services-settings/Utils.sys.mjs, line 116: unreachable code after return statement
    [pid=61748][out] console.warn: services.settings: Ignoring preference override of remote settings server
    [pid=61748][out] console.warn: services.settings: Allow by setting MOZ_REMOTE_SETTINGS_DEVTOOLS=1 in the environment
    [pid=61748][out] 
    [pid=61748][out] Juggler listening to the pipe
    [pid=61748][out] console.error: "Warning: unrecognized command line flag" "-foreground"
    [pid=61748][err] JavaScript error: chrome://juggler/content/Helper.js, line 82: NS_ERROR_FAILURE: Component returned failure code: 0x80004005 (NS_ERROR_FAILURE) [nsIWebProgress.removeProgressListener]
    [pid=61748][out] console.error: services.settings: 
    [pid=61748][out]   Message: EmptyDatabaseError: "main/nimbus-desktop-experiments" has not been synced yet
    [pid=61748][out]   Stack:
    [pid=61748][out]     EmptyDatabaseError@resource://services-settings/Database.sys.mjs:19:5
    [pid=61748][out] list@resource://services-settings/Database.sys.mjs:96:13
    [pid=61748][out] 
    [pid=61748][out] console.error: services.settings: 
    [pid=61748][out]   Message: EmptyDatabaseError: "main/nimbus-secure-experiments" has not been synced yet
    [pid=61748][out]   Stack:
    [pid=61748][out]     EmptyDatabaseError@resource://services-settings/Database.sys.mjs:19:5
    [pid=61748][out] list@resource://services-settings/Database.sys.mjs:96:13
    [pid=61748][out] 
    [pid=61748][out] console.warn: services.settings: #fetchAttachment: Forcing fallbackToDump to false due to Utils.LOAD_DUMPS being false
    [pid=61748][out] console.error: (new NotFoundError("Could not find fa0fc42c-d91d-fca7-34eb-806ff46062dc in cache or dump", "resource://services-settings/Attachments.sys.mjs", 48))
    [pid=61748][out] console.warn: "Unable to find the attachment for" "fa0fc42c-d91d-fca7-34eb-806ff46062dc"
    [pid=61748][out] console.error: [Exception... "Component returned failure code: 0x80040111 (NS_ERROR_NOT_AVAILABLE) [nsIContentSniffer.getMIMETypeFromContent]"  nsresult: "0x80040111 (NS_ERROR_NOT_AVAILABLE)"  location: "JS frame :: resource:///modules/FaviconLoader.sys.mjs :: onStopRequest :: line 300"  data: no]
    [pid=61748][out] console.warn: LoginRecipes: "Falling back to a synchronous message for: http://lit.local:3002."
    [pid=61748][err] JavaScript warning: resource://gre/modules/UpdateService.sys.mjs, line 3879: unreachable code after return statement
    [pid=61748] <gracefully close start>
    [pid=61748] <kill>
    [pid=61748] <will force kill>
    [pid=61748] taskkill stdout: SUCCESS: The process with PID 69496 (child process of PID 71624) has been terminated.
    SUCCESS: The process with PID 69732 (child process of PID 71624) has been terminated.
    SUCCESS: The process with PID 69356 (child process of PID 71624) has been terminated.
    SUCCESS: The process with PID 64652 (child process of PID 71624) has been terminated.
    SUCCESS: The process with PID 69396 (child process of PID 71624) has been terminated.
    SUCCESS: The process with PID 68060 (child process of PID 71624) has been terminated.
    SUCCESS: The process with PID 71624 (child process of PID 61748) has been terminated.
    SUCCESS: The process with PID 61748 (child process of PID 69804) has been terminated.

        at [pid=61748][out]     EmptyDatabaseError@resource://services-settings/Database.sys.mjs:19:5
        at [pid=61748][out] list@resource://services-settings/Database.sys.mjs:96:13
        at [pid=61748][out]     EmptyDatabaseError@resource://services-settings/Database.sys.mjs:19:5
        at [pid=61748][out] list@resource://services-settings/Database.sys.mjs:96:13
        at D:\Claude\Litigation_Reports\tests\lawyers-crud-complete.spec.js:46:5

    attachment #1: screenshot (image/png) ──────────────────────────────────────────────────────────
    ..\test-results\lawyers-crud-complete-Lawy-e8df3--full-Lawyers-CRUD-workflow-firefox-rtl\test-failed-1.png
    ────────────────────────────────────────────────────────────────────────────────────────────────

    Error Context: ..\test-results\lawyers-crud-complete-Lawy-e8df3--full-Lawyers-CRUD-workflow-firefox-rtl\error-context.md

    attachment #3: trace (application/zip) ─────────────────────────────────────────────────────────
    ..\test-results\lawyers-crud-complete-Lawy-e8df3--full-Lawyers-CRUD-workflow-firefox-rtl\trace.zip
    Usage:

        npx playwright show-trace ..\test-results\lawyers-crud-complete-Lawy-e8df3--full-Lawyers-CRUD-workflow-firefox-rtl\trace.zip

    ────────────────────────────────────────────────────────────────────────────────────────────────

    Retry #1 ───────────────────────────────────────────────────────────────────────────────────────

    "beforeAll" hook timeout of 60000ms exceeded.

      32 |   };
      33 |
    > 34 |   test.beforeAll(async ({ browser }) => {
         |        ^
      35 |     context = await browser.newContext();
      36 |     page = await context.newPage();
      37 |
        at D:\Claude\Litigation_Reports\tests\lawyers-crud-complete.spec.js:34:8

    Error: browserContext.newPage: Target page, context or browser has been closed

      34 |   test.beforeAll(async ({ browser }) => {
      35 |     context = await browser.newContext();
    > 36 |     page = await context.newPage();
         |                          ^
      37 |
      38 |     // Navigate to application
      39 |     await page.goto('http://lit.local:3002/');
        at D:\Claude\Litigation_Reports\tests\lawyers-crud-complete.spec.js:36:26

    attachment #1: trace (application/zip) ─────────────────────────────────────────────────────────
    ..\test-results\lawyers-crud-complete-Lawy-e8df3--full-Lawyers-CRUD-workflow-firefox-rtl-retry1\trace.zip
    Usage:

        npx playwright show-trace ..\test-results\lawyers-crud-complete-Lawy-e8df3--full-Lawyers-CRUD-workflow-firefox-rtl-retry1\trace.zip

    ────────────────────────────────────────────────────────────────────────────────────────────────
]]>
</failure>
<system-out>
<![CDATA[1. Navigate to application...
2. Login process...
✓ Login successful
3. Navigate to Lawyers page...

[[ATTACHMENT|lawyers-crud-complete-Lawy-e8df3--full-Lawyers-CRUD-workflow-firefox-rtl\test-failed-1.png]]

[[ATTACHMENT|lawyers-crud-complete-Lawy-e8df3--full-Lawyers-CRUD-workflow-firefox-rtl\error-context.md]]

[[ATTACHMENT|lawyers-crud-complete-Lawy-e8df3--full-Lawyers-CRUD-workflow-firefox-rtl\trace.zip]]

[[ATTACHMENT|lawyers-crud-complete-Lawy-e8df3--full-Lawyers-CRUD-workflow-firefox-rtl-retry1\trace.zip]]
]]>
</system-out>
</testcase>
<testcase name="Lawyers CRUD - Complete Functionality Test › Should test Lawyers CRUD API endpoints" classname="lawyers-crud-complete.spec.js" time="1.753">
<failure message="lawyers-crud-complete.spec.js:288:3 Should test Lawyers CRUD API endpoints" type="FAILURE">
<![CDATA[  [firefox-rtl] › lawyers-crud-complete.spec.js:288:3 › Lawyers CRUD - Complete Functionality Test › Should test Lawyers CRUD API endpoints 

    Error: expect(received).toBeTruthy()

    Received: false

      291 |     // Test GET /api/lawyers endpoint
      292 |     const response = await page.request.get('http://lit.local/api/lawyers');
    > 293 |     expect(response.ok()).toBeTruthy();
          |                           ^
      294 |
      295 |     const lawyersData = await response.json();
      296 |     expect(lawyersData.success).toBeTruthy();
        at D:\Claude\Litigation_Reports\tests\lawyers-crud-complete.spec.js:293:27

    attachment #1: screenshot (image/png) ──────────────────────────────────────────────────────────
    ..\test-results\lawyers-crud-complete-Lawy-1f2cf--Lawyers-CRUD-API-endpoints-firefox-rtl\test-failed-1.png
    ────────────────────────────────────────────────────────────────────────────────────────────────

    Error Context: ..\test-results\lawyers-crud-complete-Lawy-1f2cf--Lawyers-CRUD-API-endpoints-firefox-rtl\error-context.md

    attachment #3: trace (application/zip) ─────────────────────────────────────────────────────────
    ..\test-results\lawyers-crud-complete-Lawy-1f2cf--Lawyers-CRUD-API-endpoints-firefox-rtl\trace.zip
    Usage:

        npx playwright show-trace ..\test-results\lawyers-crud-complete-Lawy-1f2cf--Lawyers-CRUD-API-endpoints-firefox-rtl\trace.zip

    ────────────────────────────────────────────────────────────────────────────────────────────────

    Retry #1 ───────────────────────────────────────────────────────────────────────────────────────

    Error: expect(received).toBeTruthy()

    Received: false

      291 |     // Test GET /api/lawyers endpoint
      292 |     const response = await page.request.get('http://lit.local/api/lawyers');
    > 293 |     expect(response.ok()).toBeTruthy();
          |                           ^
      294 |
      295 |     const lawyersData = await response.json();
      296 |     expect(lawyersData.success).toBeTruthy();
        at D:\Claude\Litigation_Reports\tests\lawyers-crud-complete.spec.js:293:27

    "afterAll" hook timeout of 60000ms exceeded.

      43 |   });
      44 |
    > 45 |   test.afterAll(async () => {
         |        ^
      46 |     await context.close();
      47 |   });
      48 |
        at D:\Claude\Litigation_Reports\tests\lawyers-crud-complete.spec.js:45:8

    Error: browserContext.close: Test ended.
    Browser logs:

    <launching> C:\Users\Khaled\AppData\Local\ms-playwright\firefox-1490\firefox\firefox.exe -no-remote -wait-for-browser -foreground -profile C:\Users\Khaled\AppData\Local\Temp\playwright_firefoxdev_profile-g9wLQn -juggler-pipe -silent
    <launched> pid=64632
    [pid=64632][err] JavaScript warning: resource://services-settings/Utils.sys.mjs, line 116: unreachable code after return statement
    [pid=64632][out] console.warn: services.settings: Ignoring preference override of remote settings server
    [pid=64632][out] console.warn: services.settings: Allow by setting MOZ_REMOTE_SETTINGS_DEVTOOLS=1 in the environment
    [pid=64632][out] 
    [pid=64632][out] Juggler listening to the pipe
    [pid=64632][out] console.error: "Warning: unrecognized command line flag" "-foreground"
    [pid=64632][err] JavaScript error: chrome://juggler/content/Helper.js, line 82: NS_ERROR_FAILURE: Component returned failure code: 0x80004005 (NS_ERROR_FAILURE) [nsIWebProgress.removeProgressListener]
    [pid=64632][out] console.error: services.settings: 
    [pid=64632][out]   Message: EmptyDatabaseError: "main/nimbus-desktop-experiments" has not been synced yet
    [pid=64632][out]   Stack:
    [pid=64632][out]     EmptyDatabaseError@resource://services-settings/Database.sys.mjs:19:5
    [pid=64632][out] list@resource://services-settings/Database.sys.mjs:96:13
    [pid=64632][out] 
    [pid=64632][out] console.error: services.settings: 
    [pid=64632][out]   Message: EmptyDatabaseError: "main/nimbus-secure-experiments" has not been synced yet
    [pid=64632][out]   Stack:
    [pid=64632][out]     EmptyDatabaseError@resource://services-settings/Database.sys.mjs:19:5
    [pid=64632][out] list@resource://services-settings/Database.sys.mjs:96:13
    [pid=64632][out] 
    [pid=64632][out] console.warn: services.settings: #fetchAttachment: Forcing fallbackToDump to false due to Utils.LOAD_DUMPS being false
    [pid=64632][out] console.error: (new NotFoundError("Could not find fa0fc42c-d91d-fca7-34eb-806ff46062dc in cache or dump", "resource://services-settings/Attachments.sys.mjs", 48))
    [pid=64632][out] console.warn: "Unable to find the attachment for" "fa0fc42c-d91d-fca7-34eb-806ff46062dc"
    [pid=64632][out] console.error: [Exception... "Component returned failure code: 0x80040111 (NS_ERROR_NOT_AVAILABLE) [nsIContentSniffer.getMIMETypeFromContent]"  nsresult: "0x80040111 (NS_ERROR_NOT_AVAILABLE)"  location: "JS frame :: resource:///modules/FaviconLoader.sys.mjs :: onStopRequest :: line 300"  data: no]
    [pid=64632] <gracefully close start>
    [pid=64632] <kill>
    [pid=64632] <will force kill>
    [pid=64632] taskkill stdout: SUCCESS: The process with PID 67116 (child process of PID 65872) has been terminated.
    SUCCESS: The process with PID 65824 (child process of PID 65872) has been terminated.
    SUCCESS: The process with PID 70984 (child process of PID 65872) has been terminated.
    SUCCESS: The process with PID 64140 (child process of PID 65872) has been terminated.
    SUCCESS: The process with PID 71048 (child process of PID 65872) has been terminated.
    SUCCESS: The process with PID 64660 (child process of PID 65872) has been terminated.
    SUCCESS: The process with PID 65872 (child process of PID 64632) has been terminated.
    SUCCESS: The process with PID 64632 (child process of PID 68600) has been terminated.

        at [pid=64632][out]     EmptyDatabaseError@resource://services-settings/Database.sys.mjs:19:5
        at [pid=64632][out] list@resource://services-settings/Database.sys.mjs:96:13
        at [pid=64632][out]     EmptyDatabaseError@resource://services-settings/Database.sys.mjs:19:5
        at [pid=64632][out] list@resource://services-settings/Database.sys.mjs:96:13
        at D:\Claude\Litigation_Reports\tests\lawyers-crud-complete.spec.js:46:5

    attachment #1: screenshot (image/png) ──────────────────────────────────────────────────────────
    ..\test-results\lawyers-crud-complete-Lawy-1f2cf--Lawyers-CRUD-API-endpoints-firefox-rtl-retry1\test-failed-1.png
    ────────────────────────────────────────────────────────────────────────────────────────────────

[...]
    ────────────────────────────────────────────────────────────────────────────────────────────────

    Error Context: ..\test-results\lawyers-crud-complete-Lawy-eb2de-rs-and-Arabic-text-properly-accessibility-testing-retry1\error-context.md

    attachment #4: trace (application/zip) ─────────────────────────────────────────────────────────
    ..\test-results\lawyers-crud-complete-Lawy-eb2de-rs-and-Arabic-text-properly-accessibility-testing-retry1\trace.zip
    Usage:

        npx playwright show-trace ..\test-results\lawyers-crud-complete-Lawy-eb2de-rs-and-Arabic-text-properly-accessibility-testing-retry1\trace.zip

    ────────────────────────────────────────────────────────────────────────────────────────────────
]]>
</failure>
<system-out>
<![CDATA[17. Testing special characters and Arabic text...

[[ATTACHMENT|lawyers-crud-complete-Lawy-eb2de-rs-and-Arabic-text-properly-accessibility-testing\test-failed-1.png]]

[[ATTACHMENT|lawyers-crud-complete-Lawy-eb2de-rs-and-Arabic-text-properly-accessibility-testing\video.webm]]

[[ATTACHMENT|lawyers-crud-complete-Lawy-eb2de-rs-and-Arabic-text-properly-accessibility-testing\error-context.md]]

[[ATTACHMENT|lawyers-crud-complete-Lawy-eb2de-rs-and-Arabic-text-properly-accessibility-testing\trace.zip]]
17. Testing special characters and Arabic text...

[[ATTACHMENT|lawyers-crud-complete-Lawy-eb2de-rs-and-Arabic-text-properly-accessibility-testing-retry1\test-failed-1.png]]

[[ATTACHMENT|lawyers-crud-complete-Lawy-eb2de-rs-and-Arabic-text-properly-accessibility-testing-retry1\video.webm]]

[[ATTACHMENT|lawyers-crud-complete-Lawy-eb2de-rs-and-Arabic-text-properly-accessibility-testing-retry1\error-context.md]]

[[ATTACHMENT|lawyers-crud-complete-Lawy-eb2de-rs-and-Arabic-text-properly-accessibility-testing-retry1\trace.zip]]
]]>
</system-out>
</testcase>
</testsuite>
<testsuite name="lawyers-crud-complete.spec.js" timestamp="2025-09-19T05:55:57.334Z" hostname="visual-regression" tests="4" failures="4" skipped="0" time="191.273" errors="0">
<testcase name="Lawyers CRUD - Complete Functionality Test › Should complete full Lawyers CRUD workflow" classname="lawyers-crud-complete.spec.js" time="61.937">
<failure message="lawyers-crud-complete.spec.js:49:3 Should complete full Lawyers CRUD workflow" type="FAILURE">
<![CDATA[  [visual-regression] › lawyers-crud-complete.spec.js:49:3 › Lawyers CRUD - Complete Functionality Test › Should complete full Lawyers CRUD workflow 

    TimeoutError: page.click: Timeout 30000ms exceeded.
    Call log:
      - waiting for locator('text=المحامون')


      61 |     // Step 2: Navigate to Lawyers page
      62 |     console.log('3. Navigate to Lawyers page...');
    > 63 |     await page.click('text=المحامون');
         |                ^
      64 |     await page.waitForLoadState('networkidle');
      65 |
      66 |     // Verify we're on the lawyers page
        at D:\Claude\Litigation_Reports\tests\lawyers-crud-complete.spec.js:63:16

    attachment #1: screenshot (image/png) ──────────────────────────────────────────────────────────
    ..\test-results\lawyers-crud-complete-Lawy-e8df3--full-Lawyers-CRUD-workflow-visual-regression\test-failed-1.png
    ────────────────────────────────────────────────────────────────────────────────────────────────

    Error Context: ..\test-results\lawyers-crud-complete-Lawy-e8df3--full-Lawyers-CRUD-workflow-visual-regression\error-context.md

    attachment #3: trace (application/zip) ─────────────────────────────────────────────────────────
    ..\test-results\lawyers-crud-complete-Lawy-e8df3--full-Lawyers-CRUD-workflow-visual-regression\trace.zip
    Usage:

        npx playwright show-trace ..\test-results\lawyers-crud-complete-Lawy-e8df3--full-Lawyers-CRUD-workflow-visual-regression\trace.zip

    ────────────────────────────────────────────────────────────────────────────────────────────────

    Retry #1 ───────────────────────────────────────────────────────────────────────────────────────

    TimeoutError: page.click: Timeout 30000ms exceeded.
    Call log:
      - waiting for locator('text=المحامون')


      61 |     // Step 2: Navigate to Lawyers page
      62 |     console.log('3. Navigate to Lawyers page...');
    > 63 |     await page.click('text=المحامون');
         |                ^
      64 |     await page.waitForLoadState('networkidle');
      65 |
      66 |     // Verify we're on the lawyers page
        at D:\Claude\Litigation_Reports\tests\lawyers-crud-complete.spec.js:63:16

    attachment #1: screenshot (image/png) ──────────────────────────────────────────────────────────
    ..\test-results\lawyers-crud-complete-Lawy-e8df3--full-Lawyers-CRUD-workflow-visual-regression-retry1\test-failed-1.png
    ────────────────────────────────────────────────────────────────────────────────────────────────

    Error Context: ..\test-results\lawyers-crud-complete-Lawy-e8df3--full-Lawyers-CRUD-workflow-visual-regression-retry1\error-context.md

    attachment #3: trace (application/zip) ─────────────────────────────────────────────────────────
    ..\test-results\lawyers-crud-complete-Lawy-e8df3--full-Lawyers-CRUD-workflow-visual-regression-retry1\trace.zip
    Usage:

        npx playwright show-trace ..\test-results\lawyers-crud-complete-Lawy-e8df3--full-Lawyers-CRUD-workflow-visual-regression-retry1\trace.zip

    ────────────────────────────────────────────────────────────────────────────────────────────────
]]>
</failure>
<system-out>
<![CDATA[1. Navigate to application...
2. Login process...
✓ Login successful
3. Navigate to Lawyers page...

[[ATTACHMENT|lawyers-crud-complete-Lawy-e8df3--full-Lawyers-CRUD-workflow-visual-regression\test-failed-1.png]]

[[ATTACHMENT|lawyers-crud-complete-Lawy-e8df3--full-Lawyers-CRUD-workflow-visual-regression\error-context.md]]

[[ATTACHMENT|lawyers-crud-complete-Lawy-e8df3--full-Lawyers-CRUD-workflow-visual-regression\trace.zip]]
1. Navigate to application...
2. Login process...
✓ Login successful
3. Navigate to Lawyers page...

[[ATTACHMENT|lawyers-crud-complete-Lawy-e8df3--full-Lawyers-CRUD-workflow-visual-regression-retry1\test-failed-1.png]]

[[ATTACHMENT|lawyers-crud-complete-Lawy-e8df3--full-Lawyers-CRUD-workflow-visual-regression-retry1\error-context.md]]

[[ATTACHMENT|lawyers-crud-complete-Lawy-e8df3--full-Lawyers-CRUD-workflow-visual-regression-retry1\trace.zip]]
]]>
</system-out>
</testcase>
<testcase name="Lawyers CRUD - Complete Functionality Test › Should test Lawyers CRUD API endpoints" classname="lawyers-crud-complete.spec.js" time="0.304">
<failure message="lawyers-crud-complete.spec.js:288:3 Should test Lawyers CRUD API endpoints" type="FAILURE">
<![CDATA[  [visual-regression] › lawyers-crud-complete.spec.js:288:3 › Lawyers CRUD - Complete Functionality Test › Should test Lawyers CRUD API endpoints 

    Error: expect(received).toBeTruthy()

    Received: false

      291 |     // Test GET /api/lawyers endpoint
      292 |     const response = await page.request.get('http://lit.local/api/lawyers');
    > 293 |     expect(response.ok()).toBeTruthy();
          |                           ^
      294 |
      295 |     const lawyersData = await response.json();
      296 |     expect(lawyersData.success).toBeTruthy();
        at D:\Claude\Litigation_Reports\tests\lawyers-crud-complete.spec.js:293:27

    attachment #1: screenshot (image/png) ──────────────────────────────────────────────────────────
    ..\test-results\lawyers-crud-complete-Lawy-1f2cf--Lawyers-CRUD-API-endpoints-visual-regression\test-failed-1.png
    ────────────────────────────────────────────────────────────────────────────────────────────────

    Error Context: ..\test-results\lawyers-crud-complete-Lawy-1f2cf--Lawyers-CRUD-API-endpoints-visual-regression\error-context.md

    attachment #3: trace (application/zip) ─────────────────────────────────────────────────────────
    ..\test-results\lawyers-crud-complete-Lawy-1f2cf--Lawyers-CRUD-API-endpoints-visual-regression\trace.zip
    Usage:

        npx playwright show-trace ..\test-results\lawyers-crud-complete-Lawy-1f2cf--Lawyers-CRUD-API-endpoints-visual-regression\trace.zip

    ────────────────────────────────────────────────────────────────────────────────────────────────

    Retry #1 ───────────────────────────────────────────────────────────────────────────────────────

    Error: expect(received).toBeTruthy()

    Received: false

      291 |     // Test GET /api/lawyers endpoint
      292 |     const response = await page.request.get('http://lit.local/api/lawyers');
    > 293 |     expect(response.ok()).toBeTruthy();
          |                           ^
      294 |
      295 |     const lawyersData = await response.json();
      296 |     expect(lawyersData.success).toBeTruthy();
        at D:\Claude\Litigation_Reports\tests\lawyers-crud-complete.spec.js:293:27

    attachment #1: screenshot (image/png) ──────────────────────────────────────────────────────────
    ..\test-results\lawyers-crud-complete-Lawy-1f2cf--Lawyers-CRUD-API-endpoints-visual-regression-retry1\test-failed-1.png
    ────────────────────────────────────────────────────────────────────────────────────────────────

    Error Context: ..\test-results\lawyers-crud-complete-Lawy-1f2cf--Lawyers-CRUD-API-endpoints-visual-regression-retry1\error-context.md

    attachment #3: trace (application/zip) ─────────────────────────────────────────────────────────
    ..\test-results\lawyers-crud-complete-Lawy-1f2cf--Lawyers-CRUD-API-endpoints-visual-regression-retry1\trace.zip
    Usage:

        npx playwright show-trace ..\test-results\lawyers-crud-complete-Lawy-1f2cf--Lawyers-CRUD-API-endpoints-visual-regression-retry1\trace.zip

    ────────────────────────────────────────────────────────────────────────────────────────────────
]]>
</failure>
<system-out>
<![CDATA[1. Navigate to application...
15. Testing API endpoints...

[[ATTACHMENT|lawyers-crud-complete-Lawy-1f2cf--Lawyers-CRUD-API-endpoints-visual-regression\test-failed-1.png]]

[[ATTACHMENT|lawyers-crud-complete-Lawy-1f2cf--Lawyers-CRUD-API-endpoints-visual-regression\error-context.md]]

[[ATTACHMENT|lawyers-crud-complete-Lawy-1f2cf--Lawyers-CRUD-API-endpoints-visual-regression\trace.zip]]
1. Navigate to application...
15. Testing API endpoints...

[[ATTACHMENT|lawyers-crud-complete-Lawy-1f2cf--Lawyers-CRUD-API-endpoints-visual-regression-retry1\test-failed-1.png]]

[[ATTACHMENT|lawyers-crud-complete-Lawy-1f2cf--Lawyers-CRUD-API-endpoints-visual-regression-retry1\error-context.md]]

[[ATTACHMENT|lawyers-crud-complete-Lawy-1f2cf--Lawyers-CRUD-API-endpoints-visual-regression-retry1\trace.zip]]
]]>
</system-out>
</testcase>
<testcase name="Lawyers CRUD - Complete Functionality Test › Should test responsive design on mobile" classname="lawyers-crud-complete.spec.js" time="61.628">
<failure message="lawyers-crud-complete.spec.js:307:3 Should test responsive design on mobile" type="FAILURE">
<![CDATA[  [visual-regression] › lawyers-crud-complete.spec.js:307:3 › Lawyers CRUD - Complete Functionality Test › Should test responsive design on mobile 

    TimeoutError: page.click: Timeout 30000ms exceeded.
    Call log:
      - waiting for locator('text=المحامون')


      314 |
      315 |     // Navigate to lawyers page
    > 316 |     await page.click('text=المحامون');
          |                ^
      317 |     await page.waitForLoadState('networkidle');
      318 |
      319 |     // Verify page is responsive
        at D:\Claude\Litigation_Reports\tests\lawyers-crud-complete.spec.js:316:16

    attachment #1: screenshot (image/png) ──────────────────────────────────────────────────────────
    ..\test-results\lawyers-crud-complete-Lawy-c87dd-responsive-design-on-mobile-visual-regression\test-failed-1.png
    ────────────────────────────────────────────────────────────────────────────────────────────────

    Error Context: ..\test-results\lawyers-crud-complete-Lawy-c87dd-responsive-design-on-mobile-visual-regression\error-context.md

    attachment #3: trace (application/zip) ─────────────────────────────────────────────────────────
    ..\test-results\lawyers-crud-complete-Lawy-c87dd-responsive-design-on-mobile-visual-regression\trace.zip
    Usage:

        npx playwright show-trace ..\test-results\lawyers-crud-complete-Lawy-c87dd-responsive-design-on-mobile-visual-regression\trace.zip

    ────────────────────────────────────────────────────────────────────────────────────────────────

    Retry #1 ───────────────────────────────────────────────────────────────────────────────────────

    TimeoutError: page.click: Timeout 30000ms exceeded.
    Call log:
      - waiting for locator('text=المحامون')


      314 |
      315 |     // Navigate to lawyers page
    > 316 |     await page.click('text=المحامون');
          |                ^
      317 |     await page.waitForLoadState('networkidle');
      318 |
      319 |     // Verify page is responsive
        at D:\Claude\Litigation_Reports\tests\lawyers-crud-complete.spec.js:316:16

    attachment #1: screenshot (image/png) ──────────────────────────────────────────────────────────
    ..\test-results\lawyers-crud-complete-Lawy-c87dd-responsive-design-on-mobile-visual-regression-retry1\test-failed-1.png
    ────────────────────────────────────────────────────────────────────────────────────────────────

    Error Context: ..\test-results\lawyers-crud-complete-Lawy-c87dd-responsive-design-on-mobile-visual-regression-retry1\error-context.md

    attachment #3: trace (application/zip) ─────────────────────────────────────────────────────────
    ..\test-results\lawyers-crud-complete-Lawy-c87dd-responsive-design-on-mobile-visual-regression-retry1\trace.zip
    Usage:

        npx playwright show-trace ..\test-results\lawyers-crud-complete-Lawy-c87dd-responsive-design-on-mobile-visual-regression-retry1\trace.zip

    ────────────────────────────────────────────────────────────────────────────────────────────────
]]>
</failure>
<system-out>
<![CDATA[1. Navigate to application...
16. Testing responsive design...

[[ATTACHMENT|lawyers-crud-complete-Lawy-c87dd-responsive-design-on-mobile-visual-regression\test-failed-1.png]]

[[ATTACHMENT|lawyers-crud-complete-Lawy-c87dd-responsive-design-on-mobile-visual-regression\error-context.md]]

[[ATTACHMENT|lawyers-crud-complete-Lawy-c87dd-responsive-design-on-mobile-visual-regression\trace.zip]]
1. Navigate to application...
16. Testing responsive design...

[[ATTACHMENT|lawyers-crud-complete-Lawy-c87dd-responsive-design-on-mobile-visual-regression-retry1\test-failed-1.png]]

[[ATTACHMENT|lawyers-crud-complete-Lawy-c87dd-responsive-design-on-mobile-visual-regression-retry1\error-context.md]]

[[ATTACHMENT|lawyers-crud-complete-Lawy-c87dd-responsive-design-on-mobile-visual-regression-retry1\trace.zip]]
]]>
</system-out>
</testcase>
<testcase name="Lawyers CRUD - Edge Cases › Should handle special characters and Arabic text properly" classname="lawyers-crud-complete.spec.js" time="67.404">
<failure message="lawyers-crud-complete.spec.js:334:3 Should handle special characters and Arabic text properly" type="FAILURE">
<![CDATA[  [visual-regression] › lawyers-crud-complete.spec.js:334:3 › Lawyers CRUD - Edge Cases › Should handle special characters and Arabic text properly 

    TimeoutError: page.click: Timeout 30000ms exceeded.
    Call log:
      - waiting for locator('text=المحامون')


      343 |
      344 |     // Go to lawyers page
    > 345 |     await page.click('text=المحامون');
          |                ^
      346 |     await page.waitForLoadState('networkidle');
      347 |
      348 |     // Test Arabic text and special characters
        at D:\Claude\Litigation_Reports\tests\lawyers-crud-complete.spec.js:345:16

    attachment #1: screenshot (image/png) ──────────────────────────────────────────────────────────
    ..\test-results\lawyers-crud-complete-Lawy-eb2de-rs-and-Arabic-text-properly-visual-regression\test-failed-1.png
    ────────────────────────────────────────────────────────────────────────────────────────────────

    attachment #2: video (video/webm) ──────────────────────────────────────────────────────────────
    ..\test-results\lawyers-crud-complete-Lawy-eb2de-rs-and-Arabic-text-properly-visual-regression\video.webm
    ────────────────────────────────────────────────────────────────────────────────────────────────

    Error Context: ..\test-results\lawyers-crud-complete-Lawy-eb2de-rs-and-Arabic-text-properly-visual-regression\error-context.md

    attachment #4: trace (application/zip) ─────────────────────────────────────────────────────────
    ..\test-results\lawyers-crud-complete-Lawy-eb2de-rs-and-Arabic-text-properly-visual-regression\trace.zip
    Usage:

        npx playwright show-trace ..\test-results\lawyers-crud-complete-Lawy-eb2de-rs-and-Arabic-text-properly-visual-regression\trace.zip

    ────────────────────────────────────────────────────────────────────────────────────────────────

    Retry #1 ───────────────────────────────────────────────────────────────────────────────────────

    TimeoutError: page.click: Timeout 30000ms exceeded.
    Call log:
      - waiting for locator('text=المحامون')


      343 |
      344 |     // Go to lawyers page
    > 345 |     await page.click('text=المحامون');
          |                ^
      346 |     await page.waitForLoadState('networkidle');
      347 |
      348 |     // Test Arabic text and special characters
        at D:\Claude\Litigation_Reports\tests\lawyers-crud-complete.spec.js:345:16

    attachment #1: screenshot (image/png) ──────────────────────────────────────────────────────────
    ..\test-results\lawyers-crud-complete-Lawy-eb2de-rs-and-Arabic-text-properly-visual-regression-retry1\test-failed-1.png
    ────────────────────────────────────────────────────────────────────────────────────────────────

    attachment #2: video (video/webm) ──────────────────────────────────────────────────────────────
    ..\test-results\lawyers-crud-complete-Lawy-eb2de-rs-and-Arabic-text-properly-visual-regression-retry1\video.webm
    ────────────────────────────────────────────────────────────────────────────────────────────────

    Error Context: ..\test-results\lawyers-crud-complete-Lawy-eb2de-rs-and-Arabic-text-properly-visual-regression-retry1\error-context.md

    attachment #4: trace (application/zip) ─────────────────────────────────────────────────────────
    ..\test-results\lawyers-crud-complete-Lawy-eb2de-rs-and-Arabic-text-properly-visual-regression-retry1\trace.zip
    Usage:

        npx playwright show-trace ..\test-results\lawyers-crud-complete-Lawy-eb2de-rs-and-Arabic-text-properly-visual-regression-retry1\trace.zip

    ────────────────────────────────────────────────────────────────────────────────────────────────
]]>
</failure>
<system-out>
<![CDATA[17. Testing special characters and Arabic text...

[[ATTACHMENT|lawyers-crud-complete-Lawy-eb2de-rs-and-Arabic-text-properly-visual-regression\test-failed-1.png]]

[[ATTACHMENT|lawyers-crud-complete-Lawy-eb2de-rs-and-Arabic-text-properly-visual-regression\video.webm]]

[[ATTACHMENT|lawyers-crud-complete-Lawy-eb2de-rs-and-Arabic-text-properly-visual-regression\error-context.md]]

[[ATTACHMENT|lawyers-crud-complete-Lawy-eb2de-rs-and-Arabic-text-properly-visual-regression\trace.zip]]
17. Testing special characters and Arabic text...

[[ATTACHMENT|lawyers-crud-complete-Lawy-eb2de-rs-and-Arabic-text-properly-visual-regression-retry1\test-failed-1.png]]

[[ATTACHMENT|lawyers-crud-complete-Lawy-eb2de-rs-and-Arabic-text-properly-visual-regression-retry1\video.webm]]

[[ATTACHMENT|lawyers-crud-complete-Lawy-eb2de-rs-and-Arabic-text-properly-visual-regression-retry1\error-context.md]]

[[ATTACHMENT|lawyers-crud-complete-Lawy-eb2de-rs-and-Arabic-text-properly-visual-regression-retry1\trace.zip]]
]]>
</system-out>
</testcase>
</testsuite>
</testsuites>